{"numFailedTestSuites":1,"numFailedTests":2,"numPassedTestSuites":15,"numPassedTests":24,"numPendingTestSuites":0,"numPendingTests":0,"numRuntimeErrorTestSuites":0,"numTodoTests":0,"numTotalTestSuites":16,"numTotalTests":26,"openHandles":[],"snapshot":{"added":0,"didUpdate":false,"failure":true,"filesAdded":0,"filesRemoved":0,"filesRemovedList":[],"filesUnmatched":1,"filesUpdated":0,"matched":6,"total":8,"unchecked":0,"uncheckedKeysByFile":[],"unmatched":2,"updated":0},"startTime":1679033553671,"success":false,"testResults":[{"assertionResults":[{"ancestorTitles":[],"duration":14,"failureDetails":[],"failureMessages":[],"fullName":"forEach mock function","invocations":1,"location":null,"numPassingAsserts":2,"retryReasons":[],"status":"passed","title":"forEach mock function"}],"endTime":1679033555149,"message":"","name":"/Users/pradip/Desktop/student_management/Client/src/unittesting/RightCard.test.js","startTime":1679033554176,"status":"passed","summary":""},{"assertionResults":[{"ancestorTitles":[],"duration":62,"failureDetails":[],"failureMessages":[],"fullName":"should have a email and password field also a submit button","invocations":1,"location":null,"numPassingAsserts":1,"retryReasons":[],"status":"passed","title":"should have a email and password field also a submit button"}],"endTime":1679033555320,"message":"","name":"/Users/pradip/Desktop/student_management/Client/src/unittesting/Login.test.js","startTime":1679033554188,"status":"passed","summary":""},{"assertionResults":[{"ancestorTitles":["Punch"],"duration":59,"failureDetails":[],"failureMessages":[],"fullName":"Punch should render Punch","invocations":1,"location":null,"numPassingAsserts":1,"retryReasons":[],"status":"passed","title":"should render Punch"},{"ancestorTitles":["Punch"],"duration":22,"failureDetails":[],"failureMessages":[],"fullName":"Punch should have a select field and render without error","invocations":1,"location":null,"numPassingAsserts":4,"retryReasons":[],"status":"passed","title":"should have a select field and render without error"},{"ancestorTitles":["Punch"],"duration":70,"failureDetails":[],"failureMessages":[],"fullName":"Punch sholud input field and render without error","invocations":1,"location":null,"numPassingAsserts":1,"retryReasons":[],"status":"passed","title":"sholud input field and render without error"},{"ancestorTitles":["Punch"],"duration":16,"failureDetails":[],"failureMessages":[],"fullName":"Punch should allow user to submit their credential","invocations":1,"location":null,"numPassingAsserts":0,"retryReasons":[],"status":"passed","title":"should allow user to submit their credential"}],"endTime":1679033555378,"message":"","name":"/Users/pradip/Desktop/student_management/Client/src/unittesting/Punch.test.js","startTime":1679033554161,"status":"passed","summary":""},{"assertionResults":[{"ancestorTitles":["infiniteTimerGame"],"duration":3,"failureDetails":[],"failureMessages":[],"fullName":"infiniteTimerGame schedules a 10-second timer after 1 second","invocations":1,"location":null,"numPassingAsserts":5,"retryReasons":[],"status":"passed","title":"schedules a 10-second timer after 1 second"}],"endTime":1679033555493,"message":"","name":"/Users/pradip/Desktop/student_management/Client/src/unittesting/InfiniteTimerGame.test.js","startTime":1679033555191,"status":"passed","summary":""},{"assertionResults":[{"ancestorTitles":[],"duration":1,"failureDetails":[],"failureMessages":[],"fullName":"works with promises","invocations":1,"location":null,"numPassingAsserts":1,"retryReasons":[],"status":"passed","title":"works with promises"},{"ancestorTitles":[],"duration":0,"failureDetails":[],"failureMessages":[],"fullName":"works with async/await","invocations":1,"location":null,"numPassingAsserts":1,"retryReasons":[],"status":"passed","title":"works with async/await"},{"ancestorTitles":[],"duration":1,"failureDetails":[],"failureMessages":[],"fullName":"tests error with promises","invocations":1,"location":null,"numPassingAsserts":1,"retryReasons":[],"status":"passed","title":"tests error with promises"},{"ancestorTitles":[],"duration":0,"failureDetails":[],"failureMessages":[],"fullName":"tests error with async/await","invocations":1,"location":null,"numPassingAsserts":1,"retryReasons":[],"status":"passed","title":"tests error with async/await"}],"endTime":1679033555528,"message":"","name":"/Users/pradip/Desktop/student_management/Client/src/async/__tests__/user.test.js","startTime":1679033554220,"status":"passed","summary":""},{"assertionResults":[{"ancestorTitles":["LeaveApplication"],"duration":374,"failureDetails":[],"failureMessages":[],"fullName":"LeaveApplication should render without crashing","invocations":1,"location":null,"numPassingAsserts":6,"retryReasons":[],"status":"passed","title":"should render without crashing"}],"endTime":1679033555745,"message":"","name":"/Users/pradip/Desktop/student_management/Client/src/unittesting/LeaveApplication.test.js","startTime":1679033554161,"status":"passed","summary":""},{"assertionResults":[{"ancestorTitles":["StudentService"],"duration":2,"failureDetails":[{"matcherResult":{"actual":"<div\n  className=\"right-card\"\n>\n  <h3>\n    EMPLOYEE SELF SERVICES\n  </h3>\n  <div\n    className=\"service-container\"\n  >\n    <div\n      className=\"service-card\"\n      onClick={[Function]}\n    >\n      <svg\n        className=\"service-icon\"\n        fill=\"currentColor\"\n        height=\"1em\"\n        stroke=\"currentColor\"\n        strokeWidth=\"0\"\n        style={\n          {\n            \"color\": undefined,\n          }\n        }\n        viewBox=\"0 0 640 512\"\n        width=\"1em\"\n        xmlns=\"http://www.w3.org/2000/svg\"\n      >\n        <path\n          d=\"M255.03 261.65c6.25 6.25 16.38 6.25 22.63 0l11.31-11.31c6.25-6.25 6.25-16.38 0-22.63L253.25 192l35.71-35.72c6.25-6.25 6.25-16.38 0-22.63l-11.31-11.31c-6.25-6.25-16.38-6.25-22.63 0l-58.34 58.34c-6.25 6.25-6.25 16.38 0 22.63l58.35 58.34zm96.01-11.3l11.31 11.31c6.25 6.25 16.38 6.25 22.63 0l58.34-58.34c6.25-6.25 6.25-16.38 0-22.63l-58.34-58.34c-6.25-6.25-16.38-6.25-22.63 0l-11.31 11.31c-6.25 6.25-6.25 16.38 0 22.63L386.75 192l-35.71 35.72c-6.25 6.25-6.25 16.38 0 22.63zM624 416H381.54c-.74 19.81-14.71 32-32.74 32H288c-18.69 0-33.02-17.47-32.77-32H16c-8.8 0-16 7.2-16 16v16c0 35.2 28.8 64 64 64h512c35.2 0 64-28.8 64-64v-16c0-8.8-7.2-16-16-16zM576 48c0-26.4-21.6-48-48-48H112C85.6 0 64 21.6 64 48v336h512V48zm-64 272H128V64h384v256z\"\n        />\n      </svg>\n      <p>\n        Check In/Out\n      </p>\n    </div>\n    <div\n      className=\"service-card\"\n      onClick={[Function]}\n    >\n      <svg\n        className=\"service-icon\"\n        fill=\"currentColor\"\n        height=\"1em\"\n        stroke=\"currentColor\"\n        strokeWidth=\"0\"\n        style={\n          {\n            \"color\": undefined,\n          }\n        }\n        viewBox=\"0 0 512 512\"\n        width=\"1em\"\n        xmlns=\"http://www.w3.org/2000/svg\"\n      >\n        <path\n          d=\"M230.3 46.15c-6.4-.1-12.6.7-18.9 2.5 26.1 15.8 35.7 36.4 30.6 55.15-40.2-33.05-98.5-36.45-128.4-4.95 30.7.4 48.8 13.25 53.8 32.15-51.5-8.5-103.61 17.7-113.67 59.7 27.04-14.8 49.77-12.7 63.47 1.6-48.86 18.3-80.89 66.9-68.55 108.4 16.02-26.6 36.67-36.3 55.75-30.8-26.03 31.5-34.03 73.9-21.31 105.1h19.01c5.1-17 15.7-27.5 29.5-31-1.7 10.4-2 20.9-1.1 31H207l18.4-91.9c-6.5-7.2-10.4-16.7-10.4-27.1 0-22.5 18.5-41 41-41s41 18.5 41 41c0 10.4-3.9 19.9-10.4 27.1L305 375h98.9c26.9-9.8 47.9-29.3 53.8-54.4-26.9 14.8-49.5 12.9-63.4-1 48.9-18.3 81.4-67.4 69.1-108.9-15.9 26-36.4 36.2-55.2 31.1 33.1-40.2 35.9-98.5 4.5-128.3-.5 30.6-13.3 48.7-32.2 53.8 8.5-51.4-17.7-103.45-59.7-113.45 14.7 26.8 12.9 49.55-1.1 63.25-15.5-41.35-53-70.65-89.4-70.95zM247.4 265L203 487h106l-44.4-222h-17.2zM54.79 393l-26.86 94H184.6l18.8-94H54.79zm253.81 0l18.8 94h156.7l-26.9-94H308.6z\"\n        />\n      </svg>\n      <p>\n        Leave application\n      </p>\n    </div>\n    <div\n      className=\"service-card\"\n      onClick={[Function]}\n    >\n      <svg\n        className=\"service-icon\"\n        fill=\"currentColor\"\n        height=\"1em\"\n        stroke=\"currentColor\"\n        strokeWidth=\"0\"\n        style={\n          {\n            \"color\": undefined,\n          }\n        }\n        viewBox=\"0 0 16 16\"\n        width=\"1em\"\n        xmlns=\"http://www.w3.org/2000/svg\"\n      >\n        <path\n          d=\"M3.5 0a.5.5 0 0 1 .5.5V1h8V.5a.5.5 0 0 1 1 0V1h1a2 2 0 0 1 2 2v11a2 2 0 0 1-2 2H2a2 2 0 0 1-2-2V3a2 2 0 0 1 2-2h1V.5a.5.5 0 0 1 .5-.5zm9.954 3H2.545c-.3 0-.545.224-.545.5v1c0 .276.244.5.545.5h10.91c.3 0 .545-.224.545-.5v-1c0-.276-.244-.5-.546-.5zm-2.6 5.854a.5.5 0 0 0-.708-.708L7.5 10.793 6.354 9.646a.5.5 0 1 0-.708.708l1.5 1.5a.5.5 0 0 0 .708 0l3-3z\"\n        />\n      </svg>\n      <p>\n        My punch\n      </p>\n    </div>\n    <div\n      className=\"service-card\"\n      onClick={[Function]}\n    >\n      <svg\n        className=\"service-icon\"\n        fill=\"currentColor\"\n        height=\"1em\"\n        stroke=\"currentColor\"\n        strokeWidth=\"0\"\n        style={\n          {\n            \"color\": undefined,\n          }\n        }\n        viewBox=\"0 0 512 512\"\n        width=\"1em\"\n        xmlns=\"http://www.w3.org/2000/svg\"\n      >\n        <path\n          d=\"M480 128a64 64 0 00-64-64h-16V48.45c0-8.61-6.62-16-15.23-16.43A16 16 0 00368 48v16H144V48.45c0-8.61-6.62-16-15.23-16.43A16 16 0 00112 48v16H96a64 64 0 00-64 64v12a4 4 0 004 4h440a4 4 0 004-4zM32 416a64 64 0 0064 64h320a64 64 0 0064-64V179a3 3 0 00-3-3H35a3 3 0 00-3 3zm344-208a24 24 0 11-24 24 24 24 0 0124-24zm0 80a24 24 0 11-24 24 24 24 0 0124-24zm-80-80a24 24 0 11-24 24 24 24 0 0124-24zm0 80a24 24 0 11-24 24 24 24 0 0124-24zm0 80a24 24 0 11-24 24 24 24 0 0124-24zm-80-80a24 24 0 11-24 24 24 24 0 0124-24zm0 80a24 24 0 11-24 24 24 24 0 0124-24zm-80-80a24 24 0 11-24 24 24 24 0 0124-24zm0 80a24 24 0 11-24 24 24 24 0 0124-24z\"\n        />\n      </svg>\n      <p>\n        Attendance Calendar\n      </p>\n    </div>\n    <div\n      className=\"service-card\"\n      onClick={[Function]}\n    >\n      <svg\n        className=\"service-icon\"\n        fill=\"currentColor\"\n        height=\"1em\"\n        stroke=\"currentColor\"\n        strokeWidth=\"0\"\n        style={\n          {\n            \"color\": undefined,\n          }\n        }\n        viewBox=\"0 0 512 512\"\n        width=\"1em\"\n        xmlns=\"http://www.w3.org/2000/svg\"\n      >\n        <path\n          d=\"M230.3 46.15c-6.4-.1-12.6.7-18.9 2.5 26.1 15.8 35.7 36.4 30.6 55.15-40.2-33.05-98.5-36.45-128.4-4.95 30.7.4 48.8 13.25 53.8 32.15-51.5-8.5-103.61 17.7-113.67 59.7 27.04-14.8 49.77-12.7 63.47 1.6-48.86 18.3-80.89 66.9-68.55 108.4 16.02-26.6 36.67-36.3 55.75-30.8-26.03 31.5-34.03 73.9-21.31 105.1h19.01c5.1-17 15.7-27.5 29.5-31-1.7 10.4-2 20.9-1.1 31H207l18.4-91.9c-6.5-7.2-10.4-16.7-10.4-27.1 0-22.5 18.5-41 41-41s41 18.5 41 41c0 10.4-3.9 19.9-10.4 27.1L305 375h98.9c26.9-9.8 47.9-29.3 53.8-54.4-26.9 14.8-49.5 12.9-63.4-1 48.9-18.3 81.4-67.4 69.1-108.9-15.9 26-36.4 36.2-55.2 31.1 33.1-40.2 35.9-98.5 4.5-128.3-.5 30.6-13.3 48.7-32.2 53.8 8.5-51.4-17.7-103.45-59.7-113.45 14.7 26.8 12.9 49.55-1.1 63.25-15.5-41.35-53-70.65-89.4-70.95zM247.4 265L203 487h106l-44.4-222h-17.2zM54.79 393l-26.86 94H184.6l18.8-94H54.79zm253.81 0l18.8 94h156.7l-26.9-94H308.6z\"\n        />\n      </svg>\n      <p>\n        Leave Application Status\n      </p>\n    </div>\n    <div\n      className=\"service-card\"\n      onClick={[Function]}\n    >\n      <svg\n        className=\"service-icon\"\n        fill=\"currentColor\"\n        height=\"1em\"\n        stroke=\"currentColor\"\n        strokeWidth=\"0\"\n        style={\n          {\n            \"color\": undefined,\n          }\n        }\n        viewBox=\"0 0 24 24\"\n        width=\"1em\"\n        xmlns=\"http://www.w3.org/2000/svg\"\n      >\n        <path\n          d=\"M0 0h24v24H0z\"\n          fill=\"none\"\n        />\n        <path\n          d=\"M18 20V8.35L13.65 4h-2.83L16 9.18V20h2zm4 0V6.69L19.31 4h-2.83L20 7.52V20h2zM8 4l-6 6v10h5v-5h2v5h5V10L8 4zm1 9H7v-2h2v2z\"\n        />\n      </svg>\n      <p>\n        Holiday\n      </p>\n    </div>\n    <div\n      className=\"service-card\"\n      onClick={[Function]}\n    >\n      <svg\n        className=\"service-icon\"\n        fill=\"currentColor\"\n        height=\"1em\"\n        stroke=\"currentColor\"\n        strokeWidth=\"0\"\n        style={\n          {\n            \"color\": undefined,\n          }\n        }\n        viewBox=\"0 0 512 512\"\n        width=\"1em\"\n        xmlns=\"http://www.w3.org/2000/svg\"\n      >\n        <path\n          d=\"M480 128a64 64 0 00-64-64h-16V48.45c0-8.61-6.62-16-15.23-16.43A16 16 0 00368 48v16H144V48.45c0-8.61-6.62-16-15.23-16.43A16 16 0 00112 48v16H96a64 64 0 00-64 64v12a4 4 0 004 4h440a4 4 0 004-4zM32 416a64 64 0 0064 64h320a64 64 0 0064-64V179a3 3 0 00-3-3H35a3 3 0 00-3 3zm344-208a24 24 0 11-24 24 24 24 0 0124-24zm0 80a24 24 0 11-24 24 24 24 0 0124-24zm-80-80a24 24 0 11-24 24 24 24 0 0124-24zm0 80a24 24 0 11-24 24 24 24 0 0124-24zm0 80a24 24 0 11-24 24 24 24 0 0124-24zm-80-80a24 24 0 11-24 24 24 24 0 0124-24zm0 80a24 24 0 11-24 24 24 24 0 0124-24zm-80-80a24 24 0 11-24 24 24 24 0 0124-24zm0 80a24 24 0 11-24 24 24 24 0 0124-24z\"\n        />\n      </svg>\n      <p>\n        Student leave Calendar\n      </p>\n    </div>\n    <div\n      className=\"service-card\"\n      onClick={[Function]}\n    >\n      <svg\n        className=\"service-icon\"\n        fill=\"currentColor\"\n        height=\"1em\"\n        stroke=\"currentColor\"\n        strokeWidth=\"0\"\n        style={\n          {\n            \"color\": undefined,\n          }\n        }\n        viewBox=\"0 0 512 512\"\n        width=\"1em\"\n        xmlns=\"http://www.w3.org/2000/svg\"\n      >\n        <path\n          d=\"M480 128a64 64 0 00-64-64h-16V48.45c0-8.61-6.62-16-15.23-16.43A16 16 0 00368 48v16H144V48.45c0-8.61-6.62-16-15.23-16.43A16 16 0 00112 48v16H96a64 64 0 00-64 64v12a4 4 0 004 4h440a4 4 0 004-4zM32 416a64 64 0 0064 64h320a64 64 0 0064-64V179a3 3 0 00-3-3H35a3 3 0 00-3 3zm344-208a24 24 0 11-24 24 24 24 0 0124-24zm0 80a24 24 0 11-24 24 24 24 0 0124-24zm-80-80a24 24 0 11-24 24 24 24 0 0124-24zm0 80a24 24 0 11-24 24 24 24 0 0124-24zm0 80a24 24 0 11-24 24 24 24 0 0124-24zm-80-80a24 24 0 11-24 24 24 24 0 0124-24zm0 80a24 24 0 11-24 24 24 24 0 0124-24zm-80-80a24 24 0 11-24 24 24 24 0 0124-24zm0 80a24 24 0 11-24 24 24 24 0 0124-24z\"\n        />\n      </svg>\n      <p>\n        Attendance Report\n      </p>\n    </div>\n    <div\n      className=\"service-card\"\n      onClick={[Function]}\n    >\n      <svg\n        className=\"service-icon\"\n        fill=\"currentColor\"\n        height=\"1em\"\n        stroke=\"currentColor\"\n        strokeWidth=\"0\"\n        style={\n          {\n            \"color\": undefined,\n          }\n        }\n        viewBox=\"0 0 512 512\"\n        width=\"1em\"\n        xmlns=\"http://www.w3.org/2000/svg\"\n      >\n        <path\n          d=\"M480 128a64 64 0 00-64-64h-16V48.45c0-8.61-6.62-16-15.23-16.43A16 16 0 00368 48v16H144V48.45c0-8.61-6.62-16-15.23-16.43A16 16 0 00112 48v16H96a64 64 0 00-64 64v12a4 4 0 004 4h440a4 4 0 004-4zM32 416a64 64 0 0064 64h320a64 64 0 0064-64V179a3 3 0 00-3-3H35a3 3 0 00-3 3zm344-208a24 24 0 11-24 24 24 24 0 0124-24zm0 80a24 24 0 11-24 24 24 24 0 0124-24zm-80-80a24 24 0 11-24 24 24 24 0 0124-24zm0 80a24 24 0 11-24 24 24 24 0 0124-24zm0 80a24 24 0 11-24 24 24 24 0 0124-24zm-80-80a24 24 0 11-24 24 24 24 0 0124-24zm0 80a24 24 0 11-24 24 24 24 0 0124-24zm-80-80a24 24 0 11-24 24 24 24 0 0124-24zm0 80a24 24 0 11-24 24 24 24 0 0124-24z\"\n        />\n      </svg>\n      <p>\n        Student Lesson\n      </p>\n    </div>\n  </div>\n</div>","expected":"<div\n  className=\"right-card\"\n>\n  <h3>\n    EMPLOYEE SELF SERVICES\n  </h3>\n  <div\n    className=\"service-container\"\n  >\n    <div\n      className=\"service-card\"\n      onClick={[Function]}\n    >\n      <svg\n        className=\"service-icon\"\n        fill=\"currentColor\"\n        height=\"1em\"\n        stroke=\"currentColor\"\n        strokeWidth=\"0\"\n        style={\n          {\n            \"color\": undefined,\n          }\n        }\n        viewBox=\"0 0 640 512\"\n        width=\"1em\"\n        xmlns=\"http://www.w3.org/2000/svg\"\n      >\n        <path\n          d=\"M255.03 261.65c6.25 6.25 16.38 6.25 22.63 0l11.31-11.31c6.25-6.25 6.25-16.38 0-22.63L253.25 192l35.71-35.72c6.25-6.25 6.25-16.38 0-22.63l-11.31-11.31c-6.25-6.25-16.38-6.25-22.63 0l-58.34 58.34c-6.25 6.25-6.25 16.38 0 22.63l58.35 58.34zm96.01-11.3l11.31 11.31c6.25 6.25 16.38 6.25 22.63 0l58.34-58.34c6.25-6.25 6.25-16.38 0-22.63l-58.34-58.34c-6.25-6.25-16.38-6.25-22.63 0l-11.31 11.31c-6.25 6.25-6.25 16.38 0 22.63L386.75 192l-35.71 35.72c-6.25 6.25-6.25 16.38 0 22.63zM624 416H381.54c-.74 19.81-14.71 32-32.74 32H288c-18.69 0-33.02-17.47-32.77-32H16c-8.8 0-16 7.2-16 16v16c0 35.2 28.8 64 64 64h512c35.2 0 64-28.8 64-64v-16c0-8.8-7.2-16-16-16zM576 48c0-26.4-21.6-48-48-48H112C85.6 0 64 21.6 64 48v336h512V48zm-64 272H128V64h384v256z\"\n        />\n      </svg>\n      <p>\n        Check In/Out\n      </p>\n    </div>\n    <div\n      className=\"service-card\"\n      onClick={[Function]}\n    >\n      <svg\n        className=\"service-icon\"\n        fill=\"currentColor\"\n        height=\"1em\"\n        stroke=\"currentColor\"\n        strokeWidth=\"0\"\n        style={\n          {\n            \"color\": undefined,\n          }\n        }\n        viewBox=\"0 0 512 512\"\n        width=\"1em\"\n        xmlns=\"http://www.w3.org/2000/svg\"\n      >\n        <path\n          d=\"M230.3 46.15c-6.4-.1-12.6.7-18.9 2.5 26.1 15.8 35.7 36.4 30.6 55.15-40.2-33.05-98.5-36.45-128.4-4.95 30.7.4 48.8 13.25 53.8 32.15-51.5-8.5-103.61 17.7-113.67 59.7 27.04-14.8 49.77-12.7 63.47 1.6-48.86 18.3-80.89 66.9-68.55 108.4 16.02-26.6 36.67-36.3 55.75-30.8-26.03 31.5-34.03 73.9-21.31 105.1h19.01c5.1-17 15.7-27.5 29.5-31-1.7 10.4-2 20.9-1.1 31H207l18.4-91.9c-6.5-7.2-10.4-16.7-10.4-27.1 0-22.5 18.5-41 41-41s41 18.5 41 41c0 10.4-3.9 19.9-10.4 27.1L305 375h98.9c26.9-9.8 47.9-29.3 53.8-54.4-26.9 14.8-49.5 12.9-63.4-1 48.9-18.3 81.4-67.4 69.1-108.9-15.9 26-36.4 36.2-55.2 31.1 33.1-40.2 35.9-98.5 4.5-128.3-.5 30.6-13.3 48.7-32.2 53.8 8.5-51.4-17.7-103.45-59.7-113.45 14.7 26.8 12.9 49.55-1.1 63.25-15.5-41.35-53-70.65-89.4-70.95zM247.4 265L203 487h106l-44.4-222h-17.2zM54.79 393l-26.86 94H184.6l18.8-94H54.79zm253.81 0l18.8 94h156.7l-26.9-94H308.6z\"\n        />\n      </svg>\n      <p>\n        Leave application\n      </p>\n    </div>\n    <div\n      className=\"service-card\"\n      onClick={[Function]}\n    >\n      <svg\n        className=\"service-icon\"\n        fill=\"currentColor\"\n        height=\"1em\"\n        stroke=\"currentColor\"\n        strokeWidth=\"0\"\n        style={\n          {\n            \"color\": undefined,\n          }\n        }\n        viewBox=\"0 0 16 16\"\n        width=\"1em\"\n        xmlns=\"http://www.w3.org/2000/svg\"\n      >\n        <path\n          d=\"M3.5 0a.5.5 0 0 1 .5.5V1h8V.5a.5.5 0 0 1 1 0V1h1a2 2 0 0 1 2 2v11a2 2 0 0 1-2 2H2a2 2 0 0 1-2-2V3a2 2 0 0 1 2-2h1V.5a.5.5 0 0 1 .5-.5zm9.954 3H2.545c-.3 0-.545.224-.545.5v1c0 .276.244.5.545.5h10.91c.3 0 .545-.224.545-.5v-1c0-.276-.244-.5-.546-.5zm-2.6 5.854a.5.5 0 0 0-.708-.708L7.5 10.793 6.354 9.646a.5.5 0 1 0-.708.708l1.5 1.5a.5.5 0 0 0 .708 0l3-3z\"\n        />\n      </svg>\n      <p>\n        My punch\n      </p>\n    </div>\n    <div\n      className=\"service-card\"\n      onClick={[Function]}\n    >\n      <svg\n        className=\"service-icon\"\n        fill=\"currentColor\"\n        height=\"1em\"\n        stroke=\"currentColor\"\n        strokeWidth=\"0\"\n        style={\n          {\n            \"color\": undefined,\n          }\n        }\n        viewBox=\"0 0 512 512\"\n        width=\"1em\"\n        xmlns=\"http://www.w3.org/2000/svg\"\n      >\n        <path\n          d=\"M480 128a64 64 0 00-64-64h-16V48.45c0-8.61-6.62-16-15.23-16.43A16 16 0 00368 48v16H144V48.45c0-8.61-6.62-16-15.23-16.43A16 16 0 00112 48v16H96a64 64 0 00-64 64v12a4 4 0 004 4h440a4 4 0 004-4zM32 416a64 64 0 0064 64h320a64 64 0 0064-64V179a3 3 0 00-3-3H35a3 3 0 00-3 3zm344-208a24 24 0 11-24 24 24 24 0 0124-24zm0 80a24 24 0 11-24 24 24 24 0 0124-24zm-80-80a24 24 0 11-24 24 24 24 0 0124-24zm0 80a24 24 0 11-24 24 24 24 0 0124-24zm0 80a24 24 0 11-24 24 24 24 0 0124-24zm-80-80a24 24 0 11-24 24 24 24 0 0124-24zm0 80a24 24 0 11-24 24 24 24 0 0124-24zm-80-80a24 24 0 11-24 24 24 24 0 0124-24zm0 80a24 24 0 11-24 24 24 24 0 0124-24z\"\n        />\n      </svg>\n      <p>\n        Attendance Calendar\n      </p>\n    </div>\n    <div\n      className=\"service-card\"\n      onClick={[Function]}\n    >\n      <svg\n        className=\"service-icon\"\n        fill=\"currentColor\"\n        height=\"1em\"\n        stroke=\"currentColor\"\n        strokeWidth=\"0\"\n        style={\n          {\n            \"color\": undefined,\n          }\n        }\n        viewBox=\"0 0 512 512\"\n        width=\"1em\"\n        xmlns=\"http://www.w3.org/2000/svg\"\n      >\n        <path\n          d=\"M230.3 46.15c-6.4-.1-12.6.7-18.9 2.5 26.1 15.8 35.7 36.4 30.6 55.15-40.2-33.05-98.5-36.45-128.4-4.95 30.7.4 48.8 13.25 53.8 32.15-51.5-8.5-103.61 17.7-113.67 59.7 27.04-14.8 49.77-12.7 63.47 1.6-48.86 18.3-80.89 66.9-68.55 108.4 16.02-26.6 36.67-36.3 55.75-30.8-26.03 31.5-34.03 73.9-21.31 105.1h19.01c5.1-17 15.7-27.5 29.5-31-1.7 10.4-2 20.9-1.1 31H207l18.4-91.9c-6.5-7.2-10.4-16.7-10.4-27.1 0-22.5 18.5-41 41-41s41 18.5 41 41c0 10.4-3.9 19.9-10.4 27.1L305 375h98.9c26.9-9.8 47.9-29.3 53.8-54.4-26.9 14.8-49.5 12.9-63.4-1 48.9-18.3 81.4-67.4 69.1-108.9-15.9 26-36.4 36.2-55.2 31.1 33.1-40.2 35.9-98.5 4.5-128.3-.5 30.6-13.3 48.7-32.2 53.8 8.5-51.4-17.7-103.45-59.7-113.45 14.7 26.8 12.9 49.55-1.1 63.25-15.5-41.35-53-70.65-89.4-70.95zM247.4 265L203 487h106l-44.4-222h-17.2zM54.79 393l-26.86 94H184.6l18.8-94H54.79zm253.81 0l18.8 94h156.7l-26.9-94H308.6z\"\n        />\n      </svg>\n      <p>\n        Leave Application Status\n      </p>\n    </div>\n    <div\n      className=\"service-card\"\n      onClick={[Function]}\n    >\n      <svg\n        className=\"service-icon\"\n        fill=\"currentColor\"\n        height=\"1em\"\n        stroke=\"currentColor\"\n        strokeWidth=\"0\"\n        style={\n          {\n            \"color\": undefined,\n          }\n        }\n        viewBox=\"0 0 24 24\"\n        width=\"1em\"\n        xmlns=\"http://www.w3.org/2000/svg\"\n      >\n        <path\n          d=\"M0 0h24v24H0z\"\n          fill=\"none\"\n        />\n        <path\n          d=\"M18 20V8.35L13.65 4h-2.83L16 9.18V20h2zm4 0V6.69L19.31 4h-2.83L20 7.52V20h2zM8 4l-6 6v10h5v-5h2v5h5V10L8 4zm1 9H7v-2h2v2z\"\n        />\n      </svg>\n      <p>\n        Holiday\n      </p>\n    </div>\n    <div\n      className=\"service-card\"\n      onClick={[Function]}\n    >\n      <svg\n        className=\"service-icon\"\n        fill=\"currentColor\"\n        height=\"1em\"\n        stroke=\"currentColor\"\n        strokeWidth=\"0\"\n        style={\n          {\n            \"color\": undefined,\n          }\n        }\n        viewBox=\"0 0 512 512\"\n        width=\"1em\"\n        xmlns=\"http://www.w3.org/2000/svg\"\n      >\n        <path\n          d=\"M480 128a64 64 0 00-64-64h-16V48.45c0-8.61-6.62-16-15.23-16.43A16 16 0 00368 48v16H144V48.45c0-8.61-6.62-16-15.23-16.43A16 16 0 00112 48v16H96a64 64 0 00-64 64v12a4 4 0 004 4h440a4 4 0 004-4zM32 416a64 64 0 0064 64h320a64 64 0 0064-64V179a3 3 0 00-3-3H35a3 3 0 00-3 3zm344-208a24 24 0 11-24 24 24 24 0 0124-24zm0 80a24 24 0 11-24 24 24 24 0 0124-24zm-80-80a24 24 0 11-24 24 24 24 0 0124-24zm0 80a24 24 0 11-24 24 24 24 0 0124-24zm0 80a24 24 0 11-24 24 24 24 0 0124-24zm-80-80a24 24 0 11-24 24 24 24 0 0124-24zm0 80a24 24 0 11-24 24 24 24 0 0124-24zm-80-80a24 24 0 11-24 24 24 24 0 0124-24zm0 80a24 24 0 11-24 24 24 24 0 0124-24z\"\n        />\n      </svg>\n      <p>\n        Student leave Calendar\n      </p>\n    </div>\n    <div\n      className=\"service-card\"\n      onClick={[Function]}\n    >\n      <svg\n        className=\"service-icon\"\n        fill=\"currentColor\"\n        height=\"1em\"\n        stroke=\"currentColor\"\n        strokeWidth=\"0\"\n        style={\n          {\n            \"color\": undefined,\n          }\n        }\n        viewBox=\"0 0 512 512\"\n        width=\"1em\"\n        xmlns=\"http://www.w3.org/2000/svg\"\n      >\n        <path\n          d=\"M480 128a64 64 0 00-64-64h-16V48.45c0-8.61-6.62-16-15.23-16.43A16 16 0 00368 48v16H144V48.45c0-8.61-6.62-16-15.23-16.43A16 16 0 00112 48v16H96a64 64 0 00-64 64v12a4 4 0 004 4h440a4 4 0 004-4zM32 416a64 64 0 0064 64h320a64 64 0 0064-64V179a3 3 0 00-3-3H35a3 3 0 00-3 3zm344-208a24 24 0 11-24 24 24 24 0 0124-24zm0 80a24 24 0 11-24 24 24 24 0 0124-24zm-80-80a24 24 0 11-24 24 24 24 0 0124-24zm0 80a24 24 0 11-24 24 24 24 0 0124-24zm0 80a24 24 0 11-24 24 24 24 0 0124-24zm-80-80a24 24 0 11-24 24 24 24 0 0124-24zm0 80a24 24 0 11-24 24 24 24 0 0124-24zm-80-80a24 24 0 11-24 24 24 24 0 0124-24zm0 80a24 24 0 11-24 24 24 24 0 0124-24z\"\n        />\n      </svg>\n      <p>\n        Attendance Report\n      </p>\n    </div>\n  </div>\n</div>","message":"\u001b[2mexpect(\u001b[22m\u001b[38;2;0;95;95m\u001b[48;2;215;255;255mreceived\u001b[49m\u001b[39m\u001b[2m).\u001b[22mtoMatchSnapshot\u001b[2m()\u001b[22m\n\nSnapshot name: ` 1`\n\n\u001b[38;2;128;0;128m\u001b[48;2;255;215;255m- Snapshot  -  0\u001b[49m\u001b[39m\n\u001b[38;2;0;95;95m\u001b[48;2;215;255;255m+ Received  + 27\u001b[49m\u001b[39m\n\n\u001b[33m@@ -225,7 +225,34 @@\u001b[39m\n\u001b[2m        </svg>\u001b[22m\n\u001b[2m        <p>\u001b[22m\n\u001b[2m          Attendance Report\u001b[22m\n\u001b[2m        </p>\u001b[22m\n\u001b[2m      </div>\u001b[22m\n\u001b[38;2;0;95;95m\u001b[48;2;215;255;255m+     <div\u001b[49m\u001b[39m\n\u001b[38;2;0;95;95m\u001b[48;2;215;255;255m+       className=\"service-card\"\u001b[49m\u001b[39m\n\u001b[38;2;0;95;95m\u001b[48;2;215;255;255m+       onClick={[Function]}\u001b[49m\u001b[39m\n\u001b[38;2;0;95;95m\u001b[48;2;215;255;255m+     >\u001b[49m\u001b[39m\n\u001b[38;2;0;95;95m\u001b[48;2;215;255;255m+       <svg\u001b[49m\u001b[39m\n\u001b[38;2;0;95;95m\u001b[48;2;215;255;255m+         className=\"service-icon\"\u001b[49m\u001b[39m\n\u001b[38;2;0;95;95m\u001b[48;2;215;255;255m+         fill=\"currentColor\"\u001b[49m\u001b[39m\n\u001b[38;2;0;95;95m\u001b[48;2;215;255;255m+         height=\"1em\"\u001b[49m\u001b[39m\n\u001b[38;2;0;95;95m\u001b[48;2;215;255;255m+         stroke=\"currentColor\"\u001b[49m\u001b[39m\n\u001b[38;2;0;95;95m\u001b[48;2;215;255;255m+         strokeWidth=\"0\"\u001b[49m\u001b[39m\n\u001b[38;2;0;95;95m\u001b[48;2;215;255;255m+         style={\u001b[49m\u001b[39m\n\u001b[38;2;0;95;95m\u001b[48;2;215;255;255m+           {\u001b[49m\u001b[39m\n\u001b[38;2;0;95;95m\u001b[48;2;215;255;255m+             \"color\": undefined,\u001b[49m\u001b[39m\n\u001b[38;2;0;95;95m\u001b[48;2;215;255;255m+           }\u001b[49m\u001b[39m\n\u001b[38;2;0;95;95m\u001b[48;2;215;255;255m+         }\u001b[49m\u001b[39m\n\u001b[38;2;0;95;95m\u001b[48;2;215;255;255m+         viewBox=\"0 0 512 512\"\u001b[49m\u001b[39m\n\u001b[38;2;0;95;95m\u001b[48;2;215;255;255m+         width=\"1em\"\u001b[49m\u001b[39m\n\u001b[38;2;0;95;95m\u001b[48;2;215;255;255m+         xmlns=\"http://www.w3.org/2000/svg\"\u001b[49m\u001b[39m\n\u001b[38;2;0;95;95m\u001b[48;2;215;255;255m+       >\u001b[49m\u001b[39m\n\u001b[38;2;0;95;95m\u001b[48;2;215;255;255m+         <path\u001b[49m\u001b[39m\n\u001b[38;2;0;95;95m\u001b[48;2;215;255;255m+           d=\"M480 128a64 64 0 00-64-64h-16V48.45c0-8.61-6.62-16-15.23-16.43A16 16 0 00368 48v16H144V48.45c0-8.61-6.62-16-15.23-16.43A16 16 0 00112 48v16H96a64 64 0 00-64 64v12a4 4 0 004 4h440a4 4 0 004-4zM32 416a64 64 0 0064 64h320a64 64 0 0064-64V179a3 3 0 00-3-3H35a3 3 0 00-3 3zm344-208a24 24 0 11-24 24 24 24 0 0124-24zm0 80a24 24 0 11-24 24 24 24 0 0124-24zm-80-80a24 24 0 11-24 24 24 24 0 0124-24zm0 80a24 24 0 11-24 24 24 24 0 0124-24zm0 80a24 24 0 11-24 24 24 24 0 0124-24zm-80-80a24 24 0 11-24 24 24 24 0 0124-24zm0 80a24 24 0 11-24 24 24 24 0 0124-24zm-80-80a24 24 0 11-24 24 24 24 0 0124-24zm0 80a24 24 0 11-24 24 24 24 0 0124-24z\"\u001b[49m\u001b[39m\n\u001b[38;2;0;95;95m\u001b[48;2;215;255;255m+         />\u001b[49m\u001b[39m\n\u001b[38;2;0;95;95m\u001b[48;2;215;255;255m+       </svg>\u001b[49m\u001b[39m\n\u001b[38;2;0;95;95m\u001b[48;2;215;255;255m+       <p>\u001b[49m\u001b[39m\n\u001b[38;2;0;95;95m\u001b[48;2;215;255;255m+         Student Lesson\u001b[49m\u001b[39m\n\u001b[38;2;0;95;95m\u001b[48;2;215;255;255m+       </p>\u001b[49m\u001b[39m\n\u001b[38;2;0;95;95m\u001b[48;2;215;255;255m+     </div>\u001b[49m\u001b[39m\n\u001b[2m    </div>\u001b[22m\n\u001b[2m  </div>\u001b[22m","name":"toMatchSnapshot","pass":false}}],"failureMessages":["Error: \u001b[2mexpect(\u001b[22m\u001b[38;2;0;95;95m\u001b[48;2;215;255;255mreceived\u001b[49m\u001b[39m\u001b[2m).\u001b[22mtoMatchSnapshot\u001b[2m()\u001b[22m\n\nSnapshot name: ` 1`\n\n\u001b[38;2;128;0;128m\u001b[48;2;255;215;255m- Snapshot  -  0\u001b[49m\u001b[39m\n\u001b[38;2;0;95;95m\u001b[48;2;215;255;255m+ Received  + 27\u001b[49m\u001b[39m\n\n\u001b[33m@@ -225,7 +225,34 @@\u001b[39m\n\u001b[2m        </svg>\u001b[22m\n\u001b[2m        <p>\u001b[22m\n\u001b[2m          Attendance Report\u001b[22m\n\u001b[2m        </p>\u001b[22m\n\u001b[2m      </div>\u001b[22m\n\u001b[38;2;0;95;95m\u001b[48;2;215;255;255m+     <div\u001b[49m\u001b[39m\n\u001b[38;2;0;95;95m\u001b[48;2;215;255;255m+       className=\"service-card\"\u001b[49m\u001b[39m\n\u001b[38;2;0;95;95m\u001b[48;2;215;255;255m+       onClick={[Function]}\u001b[49m\u001b[39m\n\u001b[38;2;0;95;95m\u001b[48;2;215;255;255m+     >\u001b[49m\u001b[39m\n\u001b[38;2;0;95;95m\u001b[48;2;215;255;255m+       <svg\u001b[49m\u001b[39m\n\u001b[38;2;0;95;95m\u001b[48;2;215;255;255m+         className=\"service-icon\"\u001b[49m\u001b[39m\n\u001b[38;2;0;95;95m\u001b[48;2;215;255;255m+         fill=\"currentColor\"\u001b[49m\u001b[39m\n\u001b[38;2;0;95;95m\u001b[48;2;215;255;255m+         height=\"1em\"\u001b[49m\u001b[39m\n\u001b[38;2;0;95;95m\u001b[48;2;215;255;255m+         stroke=\"currentColor\"\u001b[49m\u001b[39m\n\u001b[38;2;0;95;95m\u001b[48;2;215;255;255m+         strokeWidth=\"0\"\u001b[49m\u001b[39m\n\u001b[38;2;0;95;95m\u001b[48;2;215;255;255m+         style={\u001b[49m\u001b[39m\n\u001b[38;2;0;95;95m\u001b[48;2;215;255;255m+           {\u001b[49m\u001b[39m\n\u001b[38;2;0;95;95m\u001b[48;2;215;255;255m+             \"color\": undefined,\u001b[49m\u001b[39m\n\u001b[38;2;0;95;95m\u001b[48;2;215;255;255m+           }\u001b[49m\u001b[39m\n\u001b[38;2;0;95;95m\u001b[48;2;215;255;255m+         }\u001b[49m\u001b[39m\n\u001b[38;2;0;95;95m\u001b[48;2;215;255;255m+         viewBox=\"0 0 512 512\"\u001b[49m\u001b[39m\n\u001b[38;2;0;95;95m\u001b[48;2;215;255;255m+         width=\"1em\"\u001b[49m\u001b[39m\n\u001b[38;2;0;95;95m\u001b[48;2;215;255;255m+         xmlns=\"http://www.w3.org/2000/svg\"\u001b[49m\u001b[39m\n\u001b[38;2;0;95;95m\u001b[48;2;215;255;255m+       >\u001b[49m\u001b[39m\n\u001b[38;2;0;95;95m\u001b[48;2;215;255;255m+         <path\u001b[49m\u001b[39m\n\u001b[38;2;0;95;95m\u001b[48;2;215;255;255m+           d=\"M480 128a64 64 0 00-64-64h-16V48.45c0-8.61-6.62-16-15.23-16.43A16 16 0 00368 48v16H144V48.45c0-8.61-6.62-16-15.23-16.43A16 16 0 00112 48v16H96a64 64 0 00-64 64v12a4 4 0 004 4h440a4 4 0 004-4zM32 416a64 64 0 0064 64h320a64 64 0 0064-64V179a3 3 0 00-3-3H35a3 3 0 00-3 3zm344-208a24 24 0 11-24 24 24 24 0 0124-24zm0 80a24 24 0 11-24 24 24 24 0 0124-24zm-80-80a24 24 0 11-24 24 24 24 0 0124-24zm0 80a24 24 0 11-24 24 24 24 0 0124-24zm0 80a24 24 0 11-24 24 24 24 0 0124-24zm-80-80a24 24 0 11-24 24 24 24 0 0124-24zm0 80a24 24 0 11-24 24 24 24 0 0124-24zm-80-80a24 24 0 11-24 24 24 24 0 0124-24zm0 80a24 24 0 11-24 24 24 24 0 0124-24z\"\u001b[49m\u001b[39m\n\u001b[38;2;0;95;95m\u001b[48;2;215;255;255m+         />\u001b[49m\u001b[39m\n\u001b[38;2;0;95;95m\u001b[48;2;215;255;255m+       </svg>\u001b[49m\u001b[39m\n\u001b[38;2;0;95;95m\u001b[48;2;215;255;255m+       <p>\u001b[49m\u001b[39m\n\u001b[38;2;0;95;95m\u001b[48;2;215;255;255m+         Student Lesson\u001b[49m\u001b[39m\n\u001b[38;2;0;95;95m\u001b[48;2;215;255;255m+       </p>\u001b[49m\u001b[39m\n\u001b[38;2;0;95;95m\u001b[48;2;215;255;255m+     </div>\u001b[49m\u001b[39m\n\u001b[2m    </div>\u001b[22m\n\u001b[2m  </div>\u001b[22m\n    at toMatchSnapshot (/Users/pradip/Desktop/student_management/Client/src/unittesting/StudentService.test.js:34:18)\n    at _dispatchDescribe (/Users/pradip/Desktop/student_management/Client/node_modules/jest-circus/build/index.js:91:26)\n    at describe (/Users/pradip/Desktop/student_management/Client/node_modules/jest-circus/build/index.js:55:5)\n    at Object.describe (/Users/pradip/Desktop/student_management/Client/src/unittesting/StudentService.test.js:28:1)\n    at Runtime._execModule (/Users/pradip/Desktop/student_management/Client/node_modules/jest-runtime/build/index.js:1429:24)\n    at Runtime._loadModule (/Users/pradip/Desktop/student_management/Client/node_modules/jest-runtime/build/index.js:1013:12)\n    at Runtime.requireModule (/Users/pradip/Desktop/student_management/Client/node_modules/jest-runtime/build/index.js:873:12)\n    at jestAdapter (/Users/pradip/Desktop/student_management/Client/node_modules/jest-circus/build/legacy-code-todo-rewrite/jestAdapter.js:77:13)\n    at processTicksAndRejections (node:internal/process/task_queues:96:5)\n    at runTestInternal (/Users/pradip/Desktop/student_management/Client/node_modules/jest-runner/build/runTest.js:367:16)\n    at runTest (/Users/pradip/Desktop/student_management/Client/node_modules/jest-runner/build/runTest.js:444:34)\n    at Object.worker (/Users/pradip/Desktop/student_management/Client/node_modules/jest-runner/build/testWorker.js:106:12)"],"fullName":"StudentService isModal is true then render Punch","invocations":1,"location":null,"numPassingAsserts":1,"retryReasons":[],"status":"failed","title":"isModal is true then render Punch"},{"ancestorTitles":["StudentService"],"duration":96,"failureDetails":[{"matcherResult":{"actual":"<div\n  className=\"punch-container add-width\"\n>\n  <div\n    className=\"punch-title\"\n  >\n    Attendance Calendar\n  </div>\n  <div\n    className=\"close-icon\"\n  >\n    <svg\n      fill=\"currentColor\"\n      height=\"1em\"\n      onClick={[Function]}\n      stroke=\"currentColor\"\n      strokeWidth=\"0\"\n      style={\n        {\n          \"color\": undefined,\n        }\n      }\n      viewBox=\"0 0 1024 1024\"\n      width=\"1em\"\n      xmlns=\"http://www.w3.org/2000/svg\"\n    >\n      <path\n        d=\"M512 64C264.6 64 64 264.6 64 512s200.6 448 448 448 448-200.6 448-448S759.4 64 512 64zm165.4 618.2l-66-.3L512 563.4l-99.3 118.4-66.1.3c-4.4 0-8-3.5-8-8 0-1.9.7-3.7 1.9-5.2l130.1-155L340.5 359a8.32 8.32 0 0 1-1.9-5.2c0-4.4 3.6-8 8-8l66.1.3L512 464.6l99.3-118.4 66-.3c4.4 0 8 3.5 8 8 0 1.9-.7 3.7-1.9 5.2L553.5 514l130 155c1.2 1.5 1.9 3.3 1.9 5.2 0 4.4-3.6 8-8 8z\"\n      />\n    </svg>\n  </div>\n  <div\n    className=\"Sample\"\n  >\n    <div\n      className=\"Sample__container\"\n    >\n      <main\n        className=\"Sample__container__content\"\n      >\n        <div\n          className=\"react-calendar\"\n        >\n          <div\n            className=\"react-calendar__navigation\"\n          >\n            <button\n              aria-label=\"\"\n              className=\"react-calendar__navigation__arrow react-calendar__navigation__prev2-button\"\n              disabled={false}\n              onClick={[Function]}\n              type=\"button\"\n            >\n              «\n            </button>\n            <button\n              aria-label=\"\"\n              className=\"react-calendar__navigation__arrow react-calendar__navigation__prev-button\"\n              disabled={false}\n              onClick={[Function]}\n              type=\"button\"\n            >\n              ‹\n            </button>\n            <button\n              aria-label=\"\"\n              className=\"react-calendar__navigation__label\"\n              disabled={false}\n              onClick={[Function]}\n              style={\n                {\n                  \"flexGrow\": 1,\n                }\n              }\n              type=\"button\"\n            >\n              <span\n                className=\"react-calendar__navigation__label__labelText react-calendar__navigation__label__labelText--from\"\n              >\n                March 2023\n              </span>\n            </button>\n            <button\n              aria-label=\"\"\n              className=\"react-calendar__navigation__arrow react-calendar__navigation__next-button\"\n              disabled={false}\n              onClick={[Function]}\n              type=\"button\"\n            >\n              ›\n            </button>\n            <button\n              aria-label=\"\"\n              className=\"react-calendar__navigation__arrow react-calendar__navigation__next2-button\"\n              disabled={false}\n              onClick={[Function]}\n              type=\"button\"\n            >\n              »\n            </button>\n          </div>\n          <div\n            className=\"react-calendar__viewContainer\"\n            onBlur={null}\n            onMouseLeave={null}\n          >\n            <div\n              className=\"react-calendar__month-view\"\n            >\n              <div\n                style={\n                  {\n                    \"alignItems\": \"flex-end\",\n                    \"display\": \"flex\",\n                  }\n                }\n              >\n                <div\n                  style={\n                    {\n                      \"flexGrow\": 1,\n                      \"width\": \"100%\",\n                    }\n                  }\n                >\n                  <div\n                    className=\"react-calendar__month-view__weekdays\"\n                    onFocus={null}\n                    onMouseOver={null}\n                    style={\n                      {\n                        \"display\": \"flex\",\n                        \"flexDirection\": undefined,\n                        \"flexWrap\": \"no-wrap\",\n                      }\n                    }\n                  >\n                    <div\n                      className=\"react-calendar__month-view__weekdays__weekday\"\n                      style={\n                        {\n                          \"flexBasis\": \"14.285714285714286%\",\n                          \"flexGrow\": 0,\n                          \"flexShrink\": 0,\n                          \"marginLeft\": null,\n                          \"overflow\": \"hidden\",\n                        }\n                      }\n                    >\n                      <abbr\n                        aria-label=\"Monday\"\n                        title=\"Monday\"\n                      >\n                        Mon\n                      </abbr>\n                    </div>\n                    <div\n                      className=\"react-calendar__month-view__weekdays__weekday\"\n                      style={\n                        {\n                          \"flexBasis\": \"14.285714285714286%\",\n                          \"flexGrow\": 0,\n                          \"flexShrink\": 0,\n                          \"marginLeft\": null,\n                          \"overflow\": \"hidden\",\n                        }\n                      }\n                    >\n                      <abbr\n                        aria-label=\"Tuesday\"\n                        title=\"Tuesday\"\n                      >\n                        Tue\n                      </abbr>\n                    </div>\n                    <div\n                      className=\"react-calendar__month-view__weekdays__weekday\"\n                      style={\n                        {\n                          \"flexBasis\": \"14.285714285714286%\",\n                          \"flexGrow\": 0,\n                          \"flexShrink\": 0,\n                          \"marginLeft\": null,\n                          \"overflow\": \"hidden\",\n                        }\n                      }\n                    >\n                      <abbr\n                        aria-label=\"Wednesday\"\n                        title=\"Wednesday\"\n                      >\n                        Wed\n                      </abbr>\n                    </div>\n                    <div\n                      className=\"react-calendar__month-view__weekdays__weekday\"\n                      style={\n                        {\n                          \"flexBasis\": \"14.285714285714286%\",\n                          \"flexGrow\": 0,\n                          \"flexShrink\": 0,\n                          \"marginLeft\": null,\n                          \"overflow\": \"hidden\",\n                        }\n                      }\n                    >\n                      <abbr\n                        aria-label=\"Thursday\"\n                        title=\"Thursday\"\n                      >\n                        Thu\n                      </abbr>\n                    </div>\n                    <div\n                      className=\"react-calendar__month-view__weekdays__weekday\"\n                      style={\n                        {\n                          \"flexBasis\": \"14.285714285714286%\",\n                          \"flexGrow\": 0,\n                          \"flexShrink\": 0,\n                          \"marginLeft\": null,\n                          \"overflow\": \"hidden\",\n                        }\n                      }\n                    >\n                      <abbr\n                        aria-label=\"Friday\"\n                        title=\"Friday\"\n                      >\n                        Fri\n                      </abbr>\n                    </div>\n                    <div\n                      className=\"react-calendar__month-view__weekdays__weekday react-calendar__month-view__weekdays__weekday--weekend\"\n                      style={\n                        {\n                          \"flexBasis\": \"14.285714285714286%\",\n                          \"flexGrow\": 0,\n                          \"flexShrink\": 0,\n                          \"marginLeft\": null,\n                          \"overflow\": \"hidden\",\n                        }\n                      }\n                    >\n                      <abbr\n                        aria-label=\"Saturday\"\n                        title=\"Saturday\"\n                      >\n                        Sat\n                      </abbr>\n                    </div>\n                    <div\n                      className=\"react-calendar__month-view__weekdays__weekday react-calendar__month-view__weekdays__weekday--weekend\"\n                      style={\n                        {\n                          \"flexBasis\": \"14.285714285714286%\",\n                          \"flexGrow\": 0,\n                          \"flexShrink\": 0,\n                          \"marginLeft\": null,\n                          \"overflow\": \"hidden\",\n                        }\n                      }\n                    >\n                      <abbr\n                        aria-label=\"Sunday\"\n                        title=\"Sunday\"\n                      >\n                        Sun\n                      </abbr>\n                    </div>\n                  </div>\n                  <div\n                    className=\"react-calendar__month-view__days\"\n                    style={\n                      {\n                        \"display\": \"flex\",\n                        \"flexDirection\": undefined,\n                        \"flexWrap\": \"wrap\",\n                      }\n                    }\n                  >\n                    <button\n                      className=\"react-calendar__tile react-calendar__month-view__days__day react-calendar__month-view__days__day--neighboringMonth\"\n                      onClick={[Function]}\n                      onFocus={null}\n                      onMouseOver={null}\n                      style={\n                        {\n                          \"flexBasis\": \"14.285714285714286%\",\n                          \"flexGrow\": 0,\n                          \"flexShrink\": 0,\n                          \"marginLeft\": null,\n                          \"overflow\": \"hidden\",\n                        }\n                      }\n                      type=\"button\"\n                    >\n                      <abbr\n                        aria-label=\"February 27, 2023\"\n                      >\n                        27\n                      </abbr>\n                    </button>\n                    <button\n                      className=\"react-calendar__tile react-calendar__month-view__days__day react-calendar__month-view__days__day--neighboringMonth\"\n                      onClick={[Function]}\n                      onFocus={null}\n                      onMouseOver={null}\n                      style={\n                        {\n                          \"flexBasis\": \"14.285714285714286%\",\n                          \"flexGrow\": 0,\n                          \"flexShrink\": 0,\n                          \"marginLeft\": null,\n                          \"overflow\": \"hidden\",\n                        }\n                      }\n                      type=\"button\"\n                    >\n                      <abbr\n                        aria-label=\"February 28, 2023\"\n                      >\n                        28\n                      </abbr>\n                    </button>\n                    <button\n                      className=\"react-calendar__tile react-calendar__month-view__days__day\"\n                      onClick={[Function]}\n                      onFocus={null}\n                      onMouseOver={null}\n                      style={\n                        {\n                          \"flexBasis\": \"14.285714285714286%\",\n                          \"flexGrow\": 0,\n                          \"flexShrink\": 0,\n                          \"marginLeft\": null,\n                          \"overflow\": \"hidden\",\n                        }\n                      }\n                      type=\"button\"\n                    >\n                      <abbr\n                        aria-label=\"March 1, 2023\"\n                      >\n                        1\n                      </abbr>\n                    </button>\n                    <button\n                      className=\"react-calendar__tile react-calendar__month-view__days__day\"\n                      onClick={[Function]}\n                      onFocus={null}\n                      onMouseOver={null}\n                      style={\n                        {\n                          \"flexBasis\": \"14.285714285714286%\",\n                          \"flexGrow\": 0,\n                          \"flexShrink\": 0,\n                          \"marginLeft\": null,\n                          \"overflow\": \"hidden\",\n                        }\n                      }\n                      type=\"button\"\n                    >\n                      <abbr\n                        aria-label=\"March 2, 2023\"\n                      >\n                        2\n                      </abbr>\n                    </button>\n                    <button\n                      className=\"react-calendar__tile react-calendar__month-view__days__day\"\n                      onClick={[Function]}\n                      onFocus={null}\n                      onMouseOver={null}\n                      style={\n                        {\n                          \"flexBasis\": \"14.285714285714286%\",\n                          \"flexGrow\": 0,\n                          \"flexShrink\": 0,\n                          \"marginLeft\": null,\n                          \"overflow\": \"hidden\",\n                        }\n                      }\n                      type=\"button\"\n                    >\n                      <abbr\n                        aria-label=\"March 3, 2023\"\n                      >\n                        3\n                      </abbr>\n                    </button>\n                    <button\n                      className=\"react-calendar__tile react-calendar__month-view__days__day react-calendar__month-view__days__day--weekend satSund\"\n                      onClick={[Function]}\n                      onFocus={null}\n                      onMouseOver={null}\n                      style={\n                        {\n                          \"flexBasis\": \"14.285714285714286%\",\n                          \"flexGrow\": 0,\n                          \"flexShrink\": 0,\n                          \"marginLeft\": null,\n                          \"overflow\": \"hidden\",\n                        }\n                      }\n                      type=\"button\"\n                    >\n                      <abbr\n                        aria-label=\"March 4, 2023\"\n                      >\n                        4\n                      </abbr>\n                    </button>\n                    <button\n                      className=\"react-calendar__tile react-calendar__month-view__days__day react-calendar__month-view__days__day--weekend satSund\"\n                      onClick={[Function]}\n                      onFocus={null}\n                      onMouseOver={null}\n                      style={\n                        {\n                          \"flexBasis\": \"14.285714285714286%\",\n                          \"flexGrow\": 0,\n                          \"flexShrink\": 0,\n                          \"marginLeft\": null,\n                          \"overflow\": \"hidden\",\n                        }\n                      }\n                      type=\"button\"\n                    >\n                      <abbr\n                        aria-label=\"March 5, 2023\"\n                      >\n                        5\n                      </abbr>\n                    </button>\n                    <button\n                      className=\"react-calendar__tile react-calendar__month-view__days__day\"\n                      onClick={[Function]}\n                      onFocus={null}\n                      onMouseOver={null}\n                      style={\n                        {\n                          \"flexBasis\": \"14.285714285714286%\",\n                          \"flexGrow\": 0,\n                          \"flexShrink\": 0,\n                          \"marginLeft\": null,\n                          \"overflow\": \"hidden\",\n                        }\n                      }\n                      type=\"button\"\n                    >\n                      <abbr\n                        aria-label=\"March 6, 2023\"\n                      >\n                        6\n                      </abbr>\n                    </button>\n                    <button\n                      className=\"react-calendar__tile react-calendar__month-view__days__day\"\n                      onClick={[Function]}\n                      onFocus={null}\n                      onMouseOver={null}\n                      style={\n                        {\n                          \"flexBasis\": \"14.285714285714286%\",\n                          \"flexGrow\": 0,\n                          \"flexShrink\": 0,\n                          \"marginLeft\": null,\n                          \"overflow\": \"hidden\",\n                        }\n                      }\n                      type=\"button\"\n                    >\n                      <abbr\n                        aria-label=\"March 7, 2023\"\n                      >\n                        7\n                      </abbr>\n                    </button>\n                    <button\n                      className=\"react-calendar__tile react-calendar__month-view__days__day\"\n                      onClick={[Function]}\n                      onFocus={null}\n                      onMouseOver={null}\n                      style={\n                        {\n                          \"flexBasis\": \"14.285714285714286%\",\n                          \"flexGrow\": 0,\n                          \"flexShrink\": 0,\n                          \"marginLeft\": null,\n                          \"overflow\": \"hidden\",\n                        }\n                      }\n                      type=\"button\"\n                    >\n                      <abbr\n                        aria-label=\"March 8, 2023\"\n                      >\n                        8\n                      </abbr>\n                    </button>\n                    <button\n                      className=\"react-calendar__tile react-calendar__month-view__days__day\"\n                      onClick={[Function]}\n                      onFocus={null}\n                      onMouseOver={null}\n                      style={\n                        {\n                          \"flexBasis\": \"14.285714285714286%\",\n                          \"flexGrow\": 0,\n                          \"flexShrink\": 0,\n                          \"marginLeft\": null,\n                          \"overflow\": \"hidden\",\n                        }\n                      }\n                      type=\"button\"\n                    >\n                      <abbr\n                        aria-label=\"March 9, 2023\"\n                      >\n                        9\n                      </abbr>\n                    </button>\n                    <button\n                      className=\"react-calendar__tile react-calendar__month-view__days__day\"\n                      onClick={[Function]}\n                      onFocus={null}\n                      onMouseOver={null}\n                      style={\n                        {\n                          \"flexBasis\": \"14.285714285714286%\",\n                          \"flexGrow\": 0,\n                          \"flexShrink\": 0,\n                          \"marginLeft\": null,\n                          \"overflow\": \"hidden\",\n                        }\n                      }\n                      type=\"button\"\n                    >\n                      <abbr\n                        aria-label=\"March 10, 2023\"\n                      >\n                        10\n                      </abbr>\n                    </button>\n                    <button\n                      className=\"react-calendar__tile react-calendar__month-view__days__day react-calendar__month-view__days__day--weekend satSund\"\n                      onClick={[Function]}\n                      onFocus={null}\n                      onMouseOver={null}\n                      style={\n                        {\n                          \"flexBasis\": \"14.285714285714286%\",\n                          \"flexGrow\": 0,\n                          \"flexShrink\": 0,\n                          \"marginLeft\": null,\n                          \"overflow\": \"hidden\",\n                        }\n                      }\n                      type=\"button\"\n                    >\n                      <abbr\n                        aria-label=\"March 11, 2023\"\n                      >\n                        11\n                      </abbr>\n                    </button>\n                    <button\n                      className=\"react-calendar__tile react-calendar__month-view__days__day react-calendar__month-view__days__day--weekend satSund\"\n                      onClick={[Function]}\n                      onFocus={null}\n                      onMouseOver={null}\n                      style={\n                        {\n                          \"flexBasis\": \"14.285714285714286%\",\n                          \"flexGrow\": 0,\n                          \"flexShrink\": 0,\n                          \"marginLeft\": null,\n                          \"overflow\": \"hidden\",\n                        }\n                      }\n                      type=\"button\"\n                    >\n                      <abbr\n                        aria-label=\"March 12, 2023\"\n                      >\n                        12\n                      </abbr>\n                    </button>\n                    <button\n                      className=\"react-calendar__tile react-calendar__month-view__days__day\"\n                      onClick={[Function]}\n                      onFocus={null}\n                      onMouseOver={null}\n                      style={\n                        {\n                          \"flexBasis\": \"14.285714285714286%\",\n                          \"flexGrow\": 0,\n                          \"flexShrink\": 0,\n                          \"marginLeft\": null,\n                          \"overflow\": \"hidden\",\n                        }\n                      }\n                      type=\"button\"\n                    >\n                      <abbr\n                        aria-label=\"March 13, 2023\"\n                      >\n                        13\n                      </abbr>\n                    </button>\n                    <button\n                      className=\"react-calendar__tile react-calendar__month-view__days__day\"\n                      onClick={[Function]}\n                      onFocus={null}\n                      onMouseOver={null}\n                      style={\n                        {\n                          \"flexBasis\": \"14.285714285714286%\",\n                          \"flexGrow\": 0,\n                          \"flexShrink\": 0,\n                          \"marginLeft\": null,\n                          \"overflow\": \"hidden\",\n                        }\n                      }\n                      type=\"button\"\n                    >\n                      <abbr\n                        aria-label=\"March 14, 2023\"\n                      >\n                        14\n                      </abbr>\n                    </button>\n                    <button\n                      className=\"react-calendar__tile react-calendar__month-view__days__day\"\n                      onClick={[Function]}\n                      onFocus={null}\n                      onMouseOver={null}\n                      style={\n                        {\n                          \"flexBasis\": \"14.285714285714286%\",\n                          \"flexGrow\": 0,\n                          \"flexShrink\": 0,\n                          \"marginLeft\": null,\n                          \"overflow\": \"hidden\",\n                        }\n                      }\n                      type=\"button\"\n                    >\n                      <abbr\n                        aria-label=\"March 15, 2023\"\n                      >\n                        15\n                      </abbr>\n                    </button>\n                    <button\n                      className=\"react-calendar__tile react-calendar__month-view__days__day\"\n                      onClick={[Function]}\n                      onFocus={null}\n                      onMouseOver={null}\n                      style={\n                        {\n                          \"flexBasis\": \"14.285714285714286%\",\n                          \"flexGrow\": 0,\n                          \"flexShrink\": 0,\n                          \"marginLeft\": null,\n                          \"overflow\": \"hidden\",\n                        }\n                      }\n                      type=\"button\"\n                    >\n                      <abbr\n                        aria-label=\"March 16, 2023\"\n                      >\n                        16\n                      </abbr>\n                    </button>\n                    <button\n                      className=\"react-calendar__tile react-calendar__tile--now react-calendar__tile--active react-calendar__tile--range react-calendar__tile--rangeStart react-calendar__tile--rangeEnd react-calendar__tile--rangeBothEnds react-calendar__month-view__days__day\"\n                      onClick={[Function]}\n                      onFocus={null}\n                      onMouseOver={null}\n                      style={\n                        {\n                          \"flexBasis\": \"14.285714285714286%\",\n                          \"flexGrow\": 0,\n                          \"flexShrink\": 0,\n                          \"marginLeft\": null,\n                          \"overflow\": \"hidden\",\n                        }\n                      }\n                      type=\"button\"\n                    >\n                      <abbr\n                        aria-label=\"March 17, 2023\"\n                      >\n                        17\n                      </abbr>\n                    </button>\n                    <button\n                      className=\"react-calendar__tile react-calendar__month-view__days__day react-calendar__month-view__days__day--weekend satSund\"\n                      onClick={[Function]}\n                      onFocus={null}\n                      onMouseOver={null}\n                      style={\n                        {\n                          \"flexBasis\": \"14.285714285714286%\",\n                          \"flexGrow\": 0,\n                          \"flexShrink\": 0,\n                          \"marginLeft\": null,\n                          \"overflow\": \"hidden\",\n                        }\n                      }\n                      type=\"button\"\n                    >\n                      <abbr\n                        aria-label=\"March 18, 2023\"\n                      >\n                        18\n                      </abbr>\n                    </button>\n                    <button\n                      className=\"react-calendar__tile react-calendar__month-view__days__day react-calendar__month-view__days__day--weekend satSund\"\n                      onClick={[Function]}\n                      onFocus={null}\n                      onMouseOver={null}\n                      style={\n                        {\n                          \"flexBasis\": \"14.285714285714286%\",\n                          \"flexGrow\": 0,\n                          \"flexShrink\": 0,\n                          \"marginLeft\": null,\n                          \"overflow\": \"hidden\",\n                        }\n                      }\n                      type=\"button\"\n                    >\n                      <abbr\n                        aria-label=\"March 19, 2023\"\n                      >\n                        19\n                      </abbr>\n                    </button>\n                    <button\n                      className=\"react-calendar__tile react-calendar__month-view__days__day\"\n                      onClick={[Function]}\n                      onFocus={null}\n                      onMouseOver={null}\n                      style={\n                        {\n                          \"flexBasis\": \"14.285714285714286%\",\n                          \"flexGrow\": 0,\n                          \"flexShrink\": 0,\n                          \"marginLeft\": null,\n                          \"overflow\": \"hidden\",\n                        }\n                      }\n                      type=\"button\"\n                    >\n                      <abbr\n                        aria-label=\"March 20, 2023\"\n                      >\n                        20\n                      </abbr>\n                    </button>\n                    <button\n                      className=\"react-calendar__tile react-calendar__month-view__days__day\"\n                      onClick={[Function]}\n                      onFocus={null}\n                      onMouseOver={null}\n                      style={\n                        {\n                          \"flexBasis\": \"14.285714285714286%\",\n                          \"flexGrow\": 0,\n                          \"flexShrink\": 0,\n                          \"marginLeft\": null,\n                          \"overflow\": \"hidden\",\n                        }\n                      }\n                      type=\"button\"\n                    >\n                      <abbr\n                        aria-label=\"March 21, 2023\"\n                      >\n                        21\n                      </abbr>\n                    </button>\n                    <button\n                      className=\"react-calendar__tile react-calendar__month-view__days__day\"\n                      onClick={[Function]}\n                      onFocus={null}\n                      onMouseOver={null}\n                      style={\n                        {\n                          \"flexBasis\": \"14.285714285714286%\",\n                          \"flexGrow\": 0,\n                          \"flexShrink\": 0,\n                          \"marginLeft\": null,\n                          \"overflow\": \"hidden\",\n                        }\n                      }\n                      type=\"button\"\n                    >\n                      <abbr\n                        aria-label=\"March 22, 2023\"\n                      >\n                        22\n                      </abbr>\n                    </button>\n                    <button\n                      className=\"react-calendar__tile react-calendar__month-view__days__day\"\n                      onClick={[Function]}\n                      onFocus={null}\n                      onMouseOver={null}\n                      style={\n                        {\n                          \"flexBasis\": \"14.285714285714286%\",\n                          \"flexGrow\": 0,\n                          \"flexShrink\": 0,\n                          \"marginLeft\": null,\n                          \"overflow\": \"hidden\",\n                        }\n                      }\n                      type=\"button\"\n                    >\n                      <abbr\n                        aria-label=\"March 23, 2023\"\n                      >\n                        23\n                      </abbr>\n                    </button>\n                    <button\n                      className=\"react-calendar__tile react-calendar__month-view__days__day\"\n                      onClick={[Function]}\n                      onFocus={null}\n                      onMouseOver={null}\n                      style={\n                        {\n                          \"flexBasis\": \"14.285714285714286%\",\n                          \"flexGrow\": 0,\n                          \"flexShrink\": 0,\n                          \"marginLeft\": null,\n                          \"overflow\": \"hidden\",\n                        }\n                      }\n                      type=\"button\"\n                    >\n                      <abbr\n                        aria-label=\"March 24, 2023\"\n                      >\n                        24\n                      </abbr>\n                    </button>\n                    <button\n                      className=\"react-calendar__tile react-calendar__month-view__days__day react-calendar__month-view__days__day--weekend satSund\"\n                      onClick={[Function]}\n                      onFocus={null}\n                      onMouseOver={null}\n                      style={\n                        {\n                          \"flexBasis\": \"14.285714285714286%\",\n                          \"flexGrow\": 0,\n                          \"flexShrink\": 0,\n                          \"marginLeft\": null,\n                          \"overflow\": \"hidden\",\n                        }\n                      }\n                      type=\"button\"\n                    >\n                      <abbr\n                        aria-label=\"March 25, 2023\"\n                      >\n                        25\n                      </abbr>\n                    </button>\n                    <button\n                      className=\"react-calendar__tile react-calendar__month-view__days__day react-calendar__month-view__days__day--weekend satSund\"\n                      onClick={[Function]}\n                      onFocus={null}\n                      onMouseOver={null}\n                      style={\n                        {\n                          \"flexBasis\": \"14.285714285714286%\",\n                          \"flexGrow\": 0,\n                          \"flexShrink\": 0,\n                          \"marginLeft\": null,\n                          \"overflow\": \"hidden\",\n                        }\n                      }\n                      type=\"button\"\n                    >\n                      <abbr\n                        aria-label=\"March 26, 2023\"\n                      >\n                        26\n                      </abbr>\n                    </button>\n                    <button\n                      className=\"react-calendar__tile react-calendar__month-view__days__day\"\n                      onClick={[Function]}\n                      onFocus={null}\n                      onMouseOver={null}\n                      style={\n                        {\n                          \"flexBasis\": \"14.285714285714286%\",\n                          \"flexGrow\": 0,\n                          \"flexShrink\": 0,\n                          \"marginLeft\": null,\n                          \"overflow\": \"hidden\",\n                        }\n                      }\n                      type=\"button\"\n                    >\n                      <abbr\n                        aria-label=\"March 27, 2023\"\n                      >\n                        27\n                      </abbr>\n                    </button>\n                    <button\n                      className=\"react-calendar__tile react-calendar__month-view__days__day\"\n                      onClick={[Function]}\n                      onFocus={null}\n                      onMouseOver={null}\n                      style={\n                        {\n                          \"flexBasis\": \"14.285714285714286%\",\n                          \"flexGrow\": 0,\n                          \"flexShrink\": 0,\n                          \"marginLeft\": null,\n                          \"overflow\": \"hidden\",\n                        }\n                      }\n                      type=\"button\"\n                    >\n                      <abbr\n                        aria-label=\"March 28, 2023\"\n                      >\n                        28\n                      </abbr>\n                    </button>\n                    <button\n                      className=\"react-calendar__tile react-calendar__month-view__days__day\"\n                      onClick={[Function]}\n                      onFocus={null}\n                      onMouseOver={null}\n                      style={\n                        {\n                          \"flexBasis\": \"14.285714285714286%\",\n                          \"flexGrow\": 0,\n                          \"flexShrink\": 0,\n                          \"marginLeft\": null,\n                          \"overflow\": \"hidden\",\n                        }\n                      }\n                      type=\"button\"\n                    >\n                      <abbr\n                        aria-label=\"March 29, 2023\"\n                      >\n                        29\n                      </abbr>\n                    </button>\n                    <button\n                      className=\"react-calendar__tile react-calendar__month-view__days__day\"\n                      onClick={[Function]}\n                      onFocus={null}\n                      onMouseOver={null}\n                      style={\n                        {\n                          \"flexBasis\": \"14.285714285714286%\",\n                          \"flexGrow\": 0,\n                          \"flexShrink\": 0,\n                          \"marginLeft\": null,\n                          \"overflow\": \"hidden\",\n                        }\n                      }\n                      type=\"button\"\n                    >\n                      <abbr\n                        aria-label=\"March 30, 2023\"\n                      >\n                        30\n                      </abbr>\n                    </button>\n                    <button\n                      className=\"react-calendar__tile react-calendar__month-view__days__day\"\n                      onClick={[Function]}\n                      onFocus={null}\n                      onMouseOver={null}\n                      style={\n                        {\n                          \"flexBasis\": \"14.285714285714286%\",\n                          \"flexGrow\": 0,\n                          \"flexShrink\": 0,\n                          \"marginLeft\": null,\n                          \"overflow\": \"hidden\",\n                        }\n                      }\n                      type=\"button\"\n                    >\n                      <abbr\n                        aria-label=\"March 31, 2023\"\n                      >\n                        31\n                      </abbr>\n                    </button>\n                    <button\n                      className=\"react-calendar__tile react-calendar__month-view__days__day react-calendar__month-view__days__day--weekend react-calendar__month-view__days__day--neighboringMonth satSund\"\n                      onClick={[Function]}\n                      onFocus={null}\n                      onMouseOver={null}\n                      style={\n                        {\n                          \"flexBasis\": \"14.285714285714286%\",\n                          \"flexGrow\": 0,\n                          \"flexShrink\": 0,\n                          \"marginLeft\": null,\n                          \"overflow\": \"hidden\",\n                        }\n                      }\n                      type=\"button\"\n                    >\n                      <abbr\n                        aria-label=\"April 1, 2023\"\n                      >\n                        1\n                      </abbr>\n                    </button>\n                    <button\n                      className=\"react-calendar__tile react-calendar__month-view__days__day react-calendar__month-view__days__day--weekend react-calendar__month-view__days__day--neighboringMonth satSund\"\n                      onClick={[Function]}\n                      onFocus={null}\n                      onMouseOver={null}\n                      style={\n                        {\n                          \"flexBasis\": \"14.285714285714286%\",\n                          \"flexGrow\": 0,\n                          \"flexShrink\": 0,\n                          \"marginLeft\": null,\n                          \"overflow\": \"hidden\",\n                        }\n                      }\n                      type=\"button\"\n                    >\n                      <abbr\n                        aria-label=\"April 2, 2023\"\n                      >\n                        2\n                      </abbr>\n                    </button>\n                  </div>\n                </div>\n              </div>\n            </div>\n          </div>\n        </div>\n      </main>\n    </div>\n    <div\n      className=\"color-suggestion\"\n    >\n      <div\n        className=\"color-suggestion-item\"\n      >\n        <div\n          className=\"day-box\"\n          style={\n            {\n              \"backgroundColor\": \"#89d595\",\n            }\n          }\n        />\n        <label>\n          Full Day\n        </label>\n      </div>\n      <div\n        className=\"color-suggestion-item\"\n      >\n        <div\n          className=\"day-box\"\n          style={\n            {\n              \"backgroundColor\": \"#a7349f\",\n            }\n          }\n        />\n        <label>\n          Week Off\n        </label>\n      </div>\n      <div\n        className=\"color-suggestion-item\"\n      >\n        <div\n          className=\"day-box\"\n          style={\n            {\n              \"backgroundColor\": \"#ff0a00\",\n            }\n          }\n        />\n        <label>\n          Absent\n        </label>\n      </div>\n    </div>\n  </div>\n</div>","expected":"<div\n  className=\"punch-container add-width\"\n>\n  <div\n    className=\"punch-title\"\n  >\n    Attendance Calendar\n  </div>\n  <div\n    className=\"close-icon\"\n  >\n    <svg\n      fill=\"currentColor\"\n      height=\"1em\"\n      onClick={[Function]}\n      stroke=\"currentColor\"\n      strokeWidth=\"0\"\n      style={\n        {\n          \"color\": undefined,\n        }\n      }\n      viewBox=\"0 0 1024 1024\"\n      width=\"1em\"\n      xmlns=\"http://www.w3.org/2000/svg\"\n    >\n      <path\n        d=\"M512 64C264.6 64 64 264.6 64 512s200.6 448 448 448 448-200.6 448-448S759.4 64 512 64zm165.4 618.2l-66-.3L512 563.4l-99.3 118.4-66.1.3c-4.4 0-8-3.5-8-8 0-1.9.7-3.7 1.9-5.2l130.1-155L340.5 359a8.32 8.32 0 0 1-1.9-5.2c0-4.4 3.6-8 8-8l66.1.3L512 464.6l99.3-118.4 66-.3c4.4 0 8 3.5 8 8 0 1.9-.7 3.7-1.9 5.2L553.5 514l130 155c1.2 1.5 1.9 3.3 1.9 5.2 0 4.4-3.6 8-8 8z\"\n      />\n    </svg>\n  </div>\n  <div\n    className=\"Sample\"\n  >\n    <div\n      className=\"Sample__container\"\n    >\n      <main\n        className=\"Sample__container__content\"\n      >\n        <div\n          className=\"react-calendar\"\n        >\n          <div\n            className=\"react-calendar__navigation\"\n          >\n            <button\n              aria-label=\"\"\n              className=\"react-calendar__navigation__arrow react-calendar__navigation__prev2-button\"\n              disabled={false}\n              onClick={[Function]}\n              type=\"button\"\n            >\n              «\n            </button>\n            <button\n              aria-label=\"\"\n              className=\"react-calendar__navigation__arrow react-calendar__navigation__prev-button\"\n              disabled={false}\n              onClick={[Function]}\n              type=\"button\"\n            >\n              ‹\n            </button>\n            <button\n              aria-label=\"\"\n              className=\"react-calendar__navigation__label\"\n              disabled={false}\n              onClick={[Function]}\n              style={\n                {\n                  \"flexGrow\": 1,\n                }\n              }\n              type=\"button\"\n            >\n              <span\n                className=\"react-calendar__navigation__label__labelText react-calendar__navigation__label__labelText--from\"\n              >\n                March 2023\n              </span>\n            </button>\n            <button\n              aria-label=\"\"\n              className=\"react-calendar__navigation__arrow react-calendar__navigation__next-button\"\n              disabled={false}\n              onClick={[Function]}\n              type=\"button\"\n            >\n              ›\n            </button>\n            <button\n              aria-label=\"\"\n              className=\"react-calendar__navigation__arrow react-calendar__navigation__next2-butto
[...]
":{"line":54,"column":5}},"12":{"start":{"line":46,"column":77},"end":{"line":46,"column":101}}},"fnMap":{"0":{"name":"QuestionsSubmitScreen","decl":{"start":{"line":7,"column":9},"end":{"line":7,"column":30}},"loc":{"start":{"line":7,"column":33},"end":{"line":55,"column":1}},"line":7},"1":{"name":"(anonymous_1)","decl":{"start":{"line":12,"column":24},"end":{"line":12,"column":25}},"loc":{"start":{"line":12,"column":35},"end":{"line":31,"column":5}},"line":12},"2":{"name":"(anonymous_2)","decl":{"start":{"line":22,"column":48},"end":{"line":22,"column":49}},"loc":{"start":{"line":22,"column":57},"end":{"line":27,"column":9}},"line":22},"3":{"name":"(anonymous_3)","decl":{"start":{"line":28,"column":12},"end":{"line":28,"column":13}},"loc":{"start":{"line":28,"column":21},"end":{"line":28,"column":41}},"line":28},"4":{"name":"handleInputChange","decl":{"start":{"line":32,"column":13},"end":{"line":32,"column":30}},"loc":{"start":{"line":32,"column":38},"end":{"line":34,"column":5}},"line":32},"5":{"name":"(anonymous_5)","decl":{"start":{"line":46,"column":66},"end":{"line":46,"column":67}},"loc":{"start":{"line":46,"column":77},"end":{"line":46,"column":101}},"line":46}},"branchMap":{"0":{"loc":{"start":{"line":23,"column":12},"end":{"line":26,"column":13}},"type":"if","locations":[{"start":{"line":23,"column":12},"end":{"line":26,"column":13}},{"start":{},"end":{}}],"line":23}},"s":{"0":0,"1":0,"2":0,"3":0,"4":0,"5":0,"6":0,"7":0,"8":0,"9":0,"10":0,"11":0,"12":0},"f":{"0":0,"1":0,"2":0,"3":0,"4":0,"5":0},"b":{"0":[0,0]},"_coverageSchema":"1a1c01bbd47fc00a2c39e90264f33305004495a9","hash":"7d2b14cf114b57ed50fa77f8ea27772486ad7c61"},"/Users/pradip/Desktop/student_management/Client/src/screen/signup/Signup.js":{"path":"/Users/pradip/Desktop/student_management/Client/src/screen/signup/Signup.js","statementMap":{"0":{"start":{"line":14,"column":21},"end":{"line":14,"column":34}},"1":{"start":{"line":15,"column":23},"end":{"line":22,"column":5}},"2":{"start":{"line":23,"column":20},"end":{"line":34,"column":5}},"3":{"start":{"line":24,"column":8},"end":{"line":33,"column":9}},"4":{"start":{"line":26,"column":16},"end":{"line":26,"column":80}},"5":{"start":{"line":28,"column":16},"end":{"line":28,"column":80}},"6":{"start":{"line":30,"column":16},"end":{"line":30,"column":33}},"7":{"start":{"line":32,"column":16},"end":{"line":32,"column":71}},"8":{"start":{"line":35,"column":30},"end":{"line":35,"column":61}},"9":{"start":{"line":37,"column":19},"end":{"line":73,"column":5}},"10":{"start":{"line":38,"column":8},"end":{"line":38,"column":31}},"11":{"start":{"line":40,"column":19},"end":{"line":40,"column":21}},"12":{"start":{"line":41,"column":8},"end":{"line":59,"column":9}},"13":{"start":{"line":42,"column":12},"end":{"line":49,"column":13}},"14":{"start":{"line":52,"column":12},"end":{"line":58,"column":13}},"15":{"start":{"line":60,"column":8},"end":{"line":60,"column":33}},"16":{"start":{"line":61,"column":8},"end":{"line":72,"column":14}},"17":{"start":{"line":62,"column":12},"end":{"line":68,"column":13}},"18":{"start":{"line":63,"column":16},"end":{"line":63,"column":29}},"19":{"start":{"line":64,"column":16},"end":{"line":64,"column":43}},"20":{"start":{"line":67,"column":16},"end":{"line":67,"column":34}},"21":{"start":{"line":71,"column":16},"end":{"line":71,"column":33}},"22":{"start":{"line":74,"column":4},"end":{"line":94,"column":5}}},"fnMap":{"0":{"name":"Signup","decl":{"start":{"line":13,"column":9},"end":{"line":13,"column":15}},"loc":{"start":{"line":13,"column":23},"end":{"line":95,"column":1}},"line":13},"1":{"name":"(anonymous_1)","decl":{"start":{"line":23,"column":20},"end":{"line":23,"column":21}},"loc":{"start":{"line":23,"column":39},"end":{"line":34,"column":5}},"line":23},"2":{"name":"(anonymous_2)","decl":{"start":{"line":37,"column":19},"end":{"line":37,"column":20}},"loc":{"start":{"line":37,"column":30},"end":{"line":73,"column":5}},"line":37},"3":{"name":"(anonymous_3)","decl":{"start":{"line":61,"column":50},"end":{"line":61,"column":51}},"loc":{"start":{"line":61,"column":59},"end":{"line":69,"column":9}},"line":61},"4":{"name":"(anonymous_4)","decl":{"start":{"line":70,"column":12},"end":{"line":70,"column":13}},"loc":{"start":{"line":70,"column":21},"end":{"line":72,"column":13}},"line":70}},"branchMap":{"0":{"loc":{"start":{"line":24,"column":8},"end":{"line":33,"column":9}},"type":"switch","locations":[{"start":{"line":25,"column":12},"end":{"line":26,"column":80}},{"start":{"line":27,"column":12},"end":{"line":28,"column":80}},{"start":{"line":29,"column":12},"end":{"line":30,"column":33}},{"start":{"line":31,"column":12},"end":{"line":32,"column":71}}],"line":24},"1":{"loc":{"start":{"line":41,"column":8},"end":{"line":59,"column":9}},"type":"if","locations":[{"start":{"line":41,"column":8},"end":{"line":59,"column":9}},{"start":{"line":51,"column":13},"end":{"line":59,"column":9}}],"line":41},"2":{"loc":{"start":{"line":62,"column":12},"end":{"line":68,"column":13}},"type":"if","locations":[{"start":{"line":62,"column":12},"end":{"line":68,"column":13}},{"start":{"line":66,"column":17},"end":{"line":68,"column":13}}],"line":62}},"s":{"0":0,"1":0,"2":0,"3":0,"4":0,"5":0,"6":0,"7":0,"8":0,"9":0,"10":0,"11":0,"12":0,"13":0,"14":0,"15":0,"16":0,"17":0,"18":0,"19":0,"20":0,"21":0,"22":0},"f":{"0":0,"1":0,"2":0,"3":0,"4":0},"b":{"0":[0,0,0,0],"1":[0,0],"2":[0,0]},"_coverageSchema":"1a1c01bbd47fc00a2c39e90264f33305004495a9","hash":"8425459462c14fe815cbbec8a86a3f601d210fcc"},"/Users/pradip/Desktop/student_management/Client/src/components/teacher/RightCard.js":{"path":"/Users/pradip/Desktop/student_management/Client/src/components/teacher/RightCard.js","statementMap":{"0":{"start":{"line":8,"column":21},"end":{"line":8,"column":34}},"1":{"start":{"line":9,"column":28},"end":{"line":9,"column":46}},"2":{"start":{"line":11,"column":4},"end":{"line":13,"column":10}},"3":{"start":{"line":12,"column":8},"end":{"line":12,"column":19}},"4":{"start":{"line":15,"column":22},"end":{"line":25,"column":5}},"5":{"start":{"line":16,"column":26},"end":{"line":16,"column":52}},"6":{"start":{"line":18,"column":8},"end":{"line":24,"column":9}},"7":{"start":{"line":19,"column":12},"end":{"line":21,"column":13}},"8":{"start":{"line":20,"column":16},"end":{"line":20,"column":33}},"9":{"start":{"line":23,"column":23},"end":{"line":23,"column":39}},"10":{"start":{"line":26,"column":23},"end":{"line":28,"column":5}},"11":{"start":{"line":27,"column":8},"end":{"line":27,"column":62}},"12":{"start":{"line":29,"column":4},"end":{"line":47,"column":5}},"13":{"start":{"line":36,"column":28},"end":{"line":41,"column":29}},"14":{"start":{"line":38,"column":64},"end":{"line":38,"column":80}}},"fnMap":{"0":{"name":"RightCard","decl":{"start":{"line":6,"column":9},"end":{"line":6,"column":18}},"loc":{"start":{"line":6,"column":21},"end":{"line":48,"column":1}},"line":6},"1":{"name":"(anonymous_1)","decl":{"start":{"line":11,"column":14},"end":{"line":11,"column":15}},"loc":{"start":{"line":11,"column":20},"end":{"line":13,"column":5}},"line":11},"2":{"name":"(anonymous_2)","decl":{"start":{"line":15,"column":22},"end":{"line":15,"column":23}},"loc":{"start":{"line":15,"column":28},"end":{"line":25,"column":5}},"line":15},"3":{"name":"(anonymous_3)","decl":{"start":{"line":18,"column":57},"end":{"line":18,"column":58}},"loc":{"start":{"line":18,"column":66},"end":{"line":22,"column":9}},"line":18},"4":{"name":"(anonymous_4)","decl":{"start":{"line":23,"column":12},"end":{"line":23,"column":13}},"loc":{"start":{"line":23,"column":21},"end":{"line":23,"column":41}},"line":23},"5":{"name":"(anonymous_5)","decl":{"start":{"line":26,"column":23},"end":{"line":26,"column":24}},"loc":{"start":{"line":26,"column":33},"end":{"line":28,"column":5}},"line":26},"6":{"name":"(anonymous_6)","decl":{"start":{"line":35,"column":53},"end":{"line":35,"column":54}},"loc":{"start":{"line":35,"column":70},"end":{"line":42,"column":25}},"line":35},"7":{"name":"(anonymous_7)","decl":{"start":{"line":38,"column":58},"end":{"line":38,"column":59}},"loc":{"start":{"line":38,"column":64},"end":{"line":38,"column":80}},"line":38}},"branchMap":{"0":{"loc":{"start":{"line":19,"column":12},"end":{"line":21,"column":13}},"type":"if","locations":[{"start":{"line":19,"column":12},"end":{"line":21,"column":13}},{"start":{},"end":{}}],"line":19},"1":{"loc":{"start":{"line":35,"column":24},"end":{"line":42,"column":26}},"type":"binary-expr","locations":[{"start":{"line":35,"column":24},"end":{"line":35,"column":40}},{"start":{"line":35,"column":44},"end":{"line":42,"column":26}}],"line":35}},"s":{"0":0,"1":0,"2":0,"3":0,"4":0,"5":0,"6":0,"7":0,"8":0,"9":0,"10":0,"11":0,"12":0,"13":0,"14":0},"f":{"0":0,"1":0,"2":0,"3":0,"4":0,"5":0,"6":0,"7":0},"b":{"0":[0,0],"1":[0,0]},"_coverageSchema":"1a1c01bbd47fc00a2c39e90264f33305004495a9","hash":"ee7f9ea9ff5a4e3a40707ee260657053419f2b92"},"/Users/pradip/Desktop/student_management/Client/src/screen/Teacher/Teacher.js":{"path":"/Users/pradip/Desktop/student_management/Client/src/screen/Teacher/Teacher.js","statementMap":{"0":{"start":{"line":8,"column":36},"end":{"line":8,"column":48}},"1":{"start":{"line":9,"column":4},"end":{"line":27,"column":5}}},"fnMap":{"0":{"name":"Teacher","decl":{"start":{"line":7,"column":9},"end":{"line":7,"column":16}},"loc":{"start":{"line":7,"column":24},"end":{"line":28,"column":1}},"line":7}},"branchMap":{"0":{"loc":{"start":{"line":12,"column":16},"end":{"line":24,"column":26}},"type":"cond-expr","locations":[{"start":{"line":13,"column":20},"end":{"line":15,"column":26}},{"start":{"line":17,"column":20},"end":{"line":24,"column":26}}],"line":12}},"s":{"0":0,"1":0},"f":{"0":0},"b":{"0":[0,0]},"_coverageSchema":"1a1c01bbd47fc00a2c39e90264f33305004495a9","hash":"18394050b1f7eab218d976fa3d55da7fb98096cd"},"/Users/pradip/Desktop/student_management/Client/src/components/teacher/HomeworkListing.js":{"path":"/Users/pradip/Desktop/student_management/Client/src/components/teacher/HomeworkListing.js","statementMap":{"0":{"start":{"line":9,"column":36},"end":{"line":9,"column":48}},"1":{"start":{"line":10,"column":28},"end":{"line":10,"column":46}},"2":{"start":{"line":11,"column":21},"end":{"line":11,"column":34}},"3":{"start":{"line":13,"column":4},"end":{"line":15,"column":10}},"4":{"start":{"line":14,"column":8},"end":{"line":14,"column":41}},"5":{"start":{"line":17,"column":26},"end":{"line":26,"column":5}},"6":{"start":{"line":19,"column":8},"end":{"line":25,"column":9}},"7":{"start":{"line":20,"column":12},"end":{"line":22,"column":13}},"8":{"start":{"line":21,"column":16},"end":{"line":21,"column":33}},"9":{"start":{"line":24,"column":23},"end":{"line":24,"column":39}},"10":{"start":{"line":28,"column":19},"end":{"line":34,"column":5}},"11":{"start":{"line":29,"column":8},"end":{"line":33,"column":9}},"12":{"start":{"line":30,"column":12},"end":{"line":30,"column":83}},"13":{"start":{"line":32,"column":12},"end":{"line":32,"column":84}},"14":{"start":{"line":35,"column":4},"end":{"line":71,"column":5}},"15":{"start":{"line":51,"column":40},"end":{"line":60,"column":41}}},"fnMap":{"0":{"name":"HomeworkListing","decl":{"start":{"line":8,"column":9},"end":{"line":8,"column":24}},"loc":{"start":{"line":8,"column":32},"end":{"line":72,"column":1}},"line":8},"1":{"name":"(anonymous_1)","decl":{"start":{"line":13,"column":14},"end":{"line":13,"column":15}},"loc":{"start":{"line":13,"column":20},"end":{"line":15,"column":5}},"line":13},"2":{"name":"(anonymous_2)","decl":{"start":{"line":17,"column":26},"end":{"line":17,"column":27}},"loc":{"start":{"line":17,"column":34},"end":{"line":26,"column":5}},"line":17},"3":{"name":"(anonymous_3)","decl":{"start":{"line":19,"column":50},"end":{"line":19,"column":51}},"loc":{"start":{"line":19,"column":59},"end":{"line":23,"column":9}},"line":19},"4":{"name":"(anonymous_4)","decl":{"start":{"line":24,"column":12},"end":{"line":24,"column":13}},"loc":{"start":{"line":24,"column":21},"end":{"line":24,"column":41}},"line":24},"5":{"name":"(anonymous_5)","decl":{"start":{"line":28,"column":19},"end":{"line":28,"column":20}},"loc":{"start":{"line":28,"column":31},"end":{"line":34,"column":5}},"line":28},"6":{"name":"(anonymous_6)","decl":{"start":{"line":50,"column":45},"end":{"line":50,"column":46}},"loc":{"start":{"line":50,"column":55},"end":{"line":61,"column":37}},"line":50}},"branchMap":{"0":{"loc":{"start":{"line":20,"column":12},"end":{"line":22,"column":13}},"type":"if","locations":[{"start":{"line":20,"column":12},"end":{"line":22,"column":13}},{"start":{},"end":{}}],"line":20},"1":{"loc":{"start":{"line":29,"column":8},"end":{"line":33,"column":9}},"type":"if","locations":[{"start":{"line":29,"column":8},"end":{"line":33,"column":9}},{"start":{"line":31,"column":15},"end":{"line":33,"column":9}}],"line":29},"2":{"loc":{"start":{"line":38,"column":16},"end":{"line":68,"column":26}},"type":"cond-expr","locations":[{"start":{"line":39,"column":20},"end":{"line":41,"column":26}},{"start":{"line":43,"column":20},"end":{"line":68,"column":26}}],"line":38},"3":{"loc":{"start":{"line":49,"column":32},"end":{"line":65,"column":42}},"type":"cond-expr","locations":[{"start":{"line":50,"column":36},"end":{"line":61,"column":38}},{"start":{"line":63,"column":36},"end":{"line":65,"column":42}}],"line":49}},"s":{"0":0,"1":0,"2":0,"3":0,"4":0,"5":0,"6":0,"7":0,"8":0,"9":0,"10":0,"11":0,"12":0,"13":0,"14":0,"15":0},"f":{"0":0,"1":0,"2":0,"3":0,"4":0,"5":0,"6":0},"b":{"0":[0,0],"1":[0,0],"2":[0,0],"3":[0,0]},"_coverageSchema":"1a1c01bbd47fc00a2c39e90264f33305004495a9","hash":"4a9382030b37c802d6723964098d1a7df8f96b30"},"/Users/pradip/Desktop/student_management/Client/src/route/AppRoute.js":{"path":"/Users/pradip/Desktop/student_management/Client/src/route/AppRoute.js","statementMap":{"0":{"start":{"line":21,"column":38},"end":{"line":21,"column":59}},"1":{"start":{"line":22,"column":19},"end":{"line":27,"column":5}},"2":{"start":{"line":24,"column":12},"end":{"line":24,"column":32}},"3":{"start":{"line":28,"column":4},"end":{"line":33,"column":10}},"4":{"start":{"line":29,"column":8},"end":{"line":29,"column":29}},"5":{"start":{"line":30,"column":8},"end":{"line":32,"column":16}},"6":{"start":{"line":31,"column":12},"end":{"line":31,"column":34}},"7":{"start":{"line":72,"column":4},"end":{"line":95,"column":5}}},"fnMap":{"0":{"name":"AppRoute","decl":{"start":{"line":20,"column":9},"end":{"line":20,"column":17}},"loc":{"start":{"line":20,"column":20},"end":{"line":96,"column":1}},"line":20},"1":{"name":"(anonymous_1)","decl":{"start":{"line":23,"column":18},"end":{"line":23,"column":19}},"loc":{"start":{"line":23,"column":30},"end":{"line":25,"column":9}},"line":23},"2":{"name":"(anonymous_2)","decl":{"start":{"line":28,"column":14},"end":{"line":28,"column":15}},"loc":{"start":{"line":28,"column":20},"end":{"line":33,"column":5}},"line":28},"3":{"name":"(anonymous_3)","decl":{"start":{"line":30,"column":19},"end":{"line":30,"column":20}},"loc":{"start":{"line":30,"column":25},"end":{"line":32,"column":9}},"line":30}},"branchMap":{"0":{"loc":{"start":{"line":74,"column":13},"end":{"line":93,"column":25}},"type":"cond-expr","locations":[{"start":{"line":75,"column":16},"end":{"line":77,"column":22}},{"start":{"line":79,"column":16},"end":{"line":93,"column":25}}],"line":74}},"s":{"0":0,"1":0,"2":0,"3":0,"4":0,"5":0,"6":0,"7":0},"f":{"0":0,"1":0,"2":0,"3":0},"b":{"0":[0,0]},"_coverageSchema":"1a1c01bbd47fc00a2c39e90264f33305004495a9","hash":"104ef231f3c4fc97b9b070db53967523d190ebe0"},"/Users/pradip/Desktop/student_management/Client/src/App.js":{"path":"/Users/pradip/Desktop/student_management/Client/src/App.js","statementMap":{"0":{"start":{"line":6,"column":2},"end":{"line":10,"column":4}}},"fnMap":{"0":{"name":"App","decl":{"start":{"line":5,"column":9},"end":{"line":5,"column":12}},"loc":{"start":{"line":5,"column":15},"end":{"line":11,"column":1}},"line":5}},"branchMap":{},"s":{"0":0},"f":{"0":0},"b":{},"_coverageSchema":"1a1c01bbd47fc00a2c39e90264f33305004495a9","hash":"540aeb16ae9d67a6997d8d84d10172a59ec71a4a"},"/Users/pradip/Desktop/student_management/Client/src/setupTests.js":{"path":"/Users/pradip/Desktop/student_management/Client/src/setupTests.js","statementMap":{},"fnMap":{},"branchMap":{},"s":{},"f":{},"b":{}},"/Users/pradip/Desktop/student_management/Client/src/index.js":{"path":"/Users/pradip/Desktop/student_management/Client/src/index.js","statementMap":{"0":{"start":{"line":8,"column":13},"end":{"line":8,"column":65}},"1":{"start":{"line":9,"column":0},"end":{"line":15,"column":2}},"2":{"start":{"line":20,"column":0},"end":{"line":20,"column":18}}},"fnMap":{},"branchMap":{},"s":{"0":0,"1":0,"2":0},"f":{},"b":{}},"/Users/pradip/Desktop/student_management/Client/src/reportWebVitals.js":{"path":"/Users/pradip/Desktop/student_management/Client/src/reportWebVitals.js","statementMap":{"0":{"start":{"line":1,"column":24},"end":{"line":11,"column":1}},"1":{"start":{"line":2,"column":2},"end":{"line":10,"column":3}},"2":{"start":{"line":3,"column":4},"end":{"line":9,"column":7}},"3":{"start":{"line":4,"column":6},"end":{"line":4,"column":26}},"4":{"start":{"line":5,"column":6},"end":{"line":5,"column":26}},"5":{"start":{"line":6,"column":6},"end":{"line":6,"column":26}},"6":{"start":{"line":7,"column":6},"end":{"line":7,"column":26}},"7":{"start":{"line":8,"column":6},"end":{"line":8,"column":27}}},"fnMap":{"0":{"name":"(anonymous_0)","decl":{"start":{"line":1,"column":24},"end":{"line":1,"column":25}},"loc":{"start":{"line":1,"column":39},"end":{"line":11,"column":1}},"line":1},"1":{"name":"(anonymous_1)","decl":{"start":{"line":3,"column":30},"end":{"line":3,"column":31}},"loc":{"start":{"line":3,"column":79},"end":{"line":9,"column":5}},"line":3}},"branchMap":{"0":{"loc":{"start":{"line":2,"column":2},"end":{"line":10,"column":3}},"type":"if","locations":[{"start":{"line":2,"column":2},"end":{"line":10,"column":3}},{"start":{},"end":{}}],"line":2},"1":{"loc":{"start":{"line":2,"column":6},"end":{"line":2,"column":52}},"type":"binary-expr","locations":[{"start":{"line":2,"column":6},"end":{"line":2,"column":17}},{"start":{"line":2,"column":21},"end":{"line":2,"column":52}}],"line":2}},"s":{"0":0,"1":0,"2":0,"3":0,"4":0,"5":0,"6":0,"7":0},"f":{"0":0,"1":0},"b":{"0":[0,0],"1":[0,0]}},"/Users/pradip/Desktop/student_management/Client/src/async/request.js":{"path":"/Users/pradip/Desktop/student_management/Client/src/async/request.js","statementMap":{"0":{"start":{"line":5,"column":13},"end":{"line":5,"column":28}},"1":{"start":{"line":8,"column":2},"end":{"line":17,"column":5}},"2":{"start":{"line":12,"column":4},"end":{"line":16,"column":7}},"3":{"start":{"line":13,"column":17},"end":{"line":13,"column":19}},"4":{"start":{"line":14,"column":6},"end":{"line":14,"column":50}},"5":{"start":{"line":14,"column":35},"end":{"line":14,"column":48}},"6":{"start":{"line":15,"column":6},"end":{"line":15,"column":46}},"7":{"start":{"line":15,"column":31},"end":{"line":15,"column":44}}},"fnMap":{"0":{"name":"request","decl":{"start":{"line":7,"column":24},"end":{"line":7,"column":31}},"loc":{"start":{"line":7,"column":37},"end":{"line":18,"column":1}},"line":7},"1":{"name":"(anonymous_1)","decl":{"start":{"line":8,"column":21},"end":{"line":8,"column":22}},"loc":{"start":{"line":8,"column":32},"end":{"line":17,"column":3}},"line":8},"2":{"name":"(anonymous_2)","decl":{"start":{"line":12,"column":26},"end":{"line":12,"column":27}},"loc":{"start":{"line":12,"column":38},"end":{"line":16,"column":5}},"line":12},"3":{"name":"(anonymous_3)","decl":{"start":{"line":14,"column":26},"end":{"line":14,"column":27}},"loc":{"start":{"line":14,"column":35},"end":{"line":14,"column":48}},"line":14},"4":{"name":"(anonymous_4)","decl":{"start":{"line":15,"column":25},"end":{"line":15,"column":26}},"loc":{"start":{"line":15,"column":31},"end":{"line":15,"column":44}},"line":15}},"branchMap":{},"s":{"0":0,"1":0,"2":0,"3":0,"4":0,"5":0,"6":0,"7":0},"f":{"0":0,"1":0,"2":0,"3":0,"4":0},"b":{}}}}
